{"/home/travis/build/npmtest/node-npmtest-sass-convert/test.js":{"path":"/home/travis/build/npmtest/node-npmtest-sass-convert/test.js","s":{"1":2,"2":2,"3":2,"4":2,"5":2,"6":2,"7":2,"8":1,"9":2,"10":2,"11":1,"12":1,"13":1,"14":1,"15":2,"16":2,"17":2,"18":2,"19":1,"20":1,"21":2,"22":2,"23":2,"24":1,"25":1,"26":1,"27":1,"28":1,"29":1,"30":1,"31":1,"32":1,"33":1,"34":1,"35":1,"36":1,"37":1,"38":1,"39":2,"40":2,"41":1,"42":2,"43":2,"44":1,"45":2,"46":2,"47":1,"48":2,"49":2,"50":1,"51":1,"52":1,"53":1,"54":1},"b":{"1":[2,1,1,1],"2":[1,1,1,1],"3":[1,1],"4":[1,1],"5":[1,1],"6":[1,1],"7":[1,1],"8":[1,1],"9":[1,1],"10":[1,1,1],"11":[1,1],"12":[1,1],"13":[1,1],"14":[1,1],"15":[1,1],"16":[1,1],"17":[1,1]},"f":{"1":2,"2":2,"3":2,"4":2,"5":2,"6":1,"7":1,"8":1,"9":2,"10":2,"11":2,"12":2,"13":1},"fnMap":{"1":{"name":"(anonymous_1)","line":12,"loc":{"start":{"line":12,"column":1},"end":{"line":12,"column":13}}},"2":{"name":"(anonymous_2)","line":19,"loc":{"start":{"line":19,"column":5},"end":{"line":19,"column":17}}},"3":{"name":"(anonymous_3)","line":23,"loc":{"start":{"line":23,"column":24},"end":{"line":23,"column":36}}},"4":{"name":"(anonymous_4)","line":61,"loc":{"start":{"line":61,"column":5},"end":{"line":61,"column":17}}},"5":{"name":"(anonymous_5)","line":82,"loc":{"start":{"line":82,"column":5},"end":{"line":82,"column":17}}},"6":{"name":"(anonymous_6)","line":91,"loc":{"start":{"line":91,"column":77},"end":{"line":94,"column":10}}},"7":{"name":"(anonymous_7)","line":112,"loc":{"start":{"line":112,"column":83},"end":{"line":115,"column":10}},"skip":true},"8":{"name":"(anonymous_8)","line":123,"loc":{"start":{"line":123,"column":77},"end":{"line":126,"column":10}},"skip":true},"9":{"name":"(anonymous_9)","line":139,"loc":{"start":{"line":139,"column":12},"end":{"line":139,"column":40}},"skip":true},"10":{"name":"(anonymous_10)","line":147,"loc":{"start":{"line":147,"column":77},"end":{"line":150,"column":10}},"skip":true},"11":{"name":"(anonymous_11)","line":158,"loc":{"start":{"line":158,"column":83},"end":{"line":161,"column":10}},"skip":true},"12":{"name":"(anonymous_12)","line":169,"loc":{"start":{"line":169,"column":79},"end":{"line":172,"column":10}},"skip":true},"13":{"name":"(anonymous_13)","line":180,"loc":{"start":{"line":180,"column":75},"end":{"line":183,"column":10}},"skip":true}},"statementMap":{"1":{"start":{"line":12,"column":0},"end":{"line":195,"column":5}},"2":{"start":{"line":14,"column":4},"end":{"line":14,"column":14}},"3":{"start":{"line":19,"column":4},"end":{"line":56,"column":9}},"4":{"start":{"line":21,"column":8},"end":{"line":21,"column":19}},"5":{"start":{"line":23,"column":8},"end":{"line":35,"column":13}},"6":{"start":{"line":24,"column":12},"end":{"line":34,"column":13}},"7":{"start":{"line":25,"column":16},"end":{"line":28,"column":30}},"8":{"start":{"line":30,"column":16},"end":{"line":33,"column":27}},"9":{"start":{"line":37,"column":8},"end":{"line":39,"column":21}},"10":{"start":{"line":40,"column":8},"end":{"line":53,"column":9}},"11":{"start":{"line":43,"column":12},"end":{"line":46,"column":14}},"12":{"start":{"line":47,"column":12},"end":{"line":47,"column":18}},"13":{"start":{"line":50,"column":12},"end":{"line":51,"column":46}},"14":{"start":{"line":52,"column":12},"end":{"line":52,"column":18}},"15":{"start":{"line":55,"column":8},"end":{"line":55,"column":35}},"16":{"start":{"line":61,"column":4},"end":{"line":63,"column":9}},"17":{"start":{"line":62,"column":8},"end":{"line":62,"column":15}},"18":{"start":{"line":64,"column":4},"end":{"line":77,"column":5}},"19":{"start":{"line":70,"column":8},"end":{"line":70,"column":14}},"20":{"start":{"line":76,"column":8},"end":{"line":76,"column":14}},"21":{"start":{"line":82,"column":4},"end":{"line":84,"column":9}},"22":{"start":{"line":83,"column":8},"end":{"line":83,"column":15}},"23":{"start":{"line":85,"column":4},"end":{"line":194,"column":5}},"24":{"start":{"line":91,"column":8},"end":{"line":99,"column":10}},"25":{"start":{"line":98,"column":12},"end":{"line":98,"column":35}},"26":{"start":{"line":102,"column":8},"end":{"line":104,"column":63}},"27":{"start":{"line":105,"column":8},"end":{"line":105,"column":14}},"28":{"start":{"line":112,"column":8},"end":{"line":121,"column":10},"skip":true},"29":{"start":{"line":119,"column":12},"end":{"line":119,"column":55},"skip":true},"30":{"start":{"line":120,"column":12},"end":{"line":120,"column":48},"skip":true},"31":{"start":{"line":123,"column":8},"end":{"line":136,"column":10},"skip":true},"32":{"start":{"line":130,"column":12},"end":{"line":130,"column":76},"skip":true},"33":{"start":{"line":131,"column":12},"end":{"line":131,"column":73},"skip":true},"34":{"start":{"line":132,"column":12},"end":{"line":132,"column":74},"skip":true},"35":{"start":{"line":133,"column":12},"end":{"line":133,"column":79},"skip":true},"36":{"start":{"line":134,"column":12},"end":{"line":134,"column":25},"skip":true},"37":{"start":{"line":135,"column":12},"end":{"line":135,"column":45},"skip":true},"38":{"start":{"line":138,"column":8},"end":{"line":145,"column":14},"skip":true},"39":{"start":{"line":143,"column":16},"end":{"line":143,"column":29},"skip":true},"40":{"start":{"line":144,"column":16},"end":{"line":144,"column":55},"skip":true},"41":{"start":{"line":147,"column":8},"end":{"line":156,"column":10},"skip":true},"42":{"start":{"line":154,"column":12},"end":{"line":154,"column":25},"skip":true},"43":{"start":{"line":155,"column":12},"end":{"line":155,"column":45},"skip":true},"44":{"start":{"line":158,"column":8},"end":{"line":167,"column":10},"skip":true},"45":{"start":{"line":165,"column":12},"end":{"line":165,"column":25},"skip":true},"46":{"start":{"line":166,"column":12},"end":{"line":166,"column":48},"skip":true},"47":{"start":{"line":169,"column":8},"end":{"line":178,"column":10},"skip":true},"48":{"start":{"line":176,"column":12},"end":{"line":176,"column":25},"skip":true},"49":{"start":{"line":177,"column":12},"end":{"line":177,"column":46},"skip":true},"50":{"start":{"line":180,"column":8},"end":{"line":189,"column":10},"skip":true},"51":{"start":{"line":187,"column":12},"end":{"line":187,"column":94},"skip":true},"52":{"start":{"line":188,"column":12},"end":{"line":188,"column":48},"skip":true},"53":{"start":{"line":192,"column":8},"end":{"line":192,"column":35},"skip":true},"54":{"start":{"line":193,"column":8},"end":{"line":193,"column":14},"skip":true}},"branchMap":{"1":{"line":25,"type":"binary-expr","locations":[{"start":{"line":25,"column":23},"end":{"line":25,"column":62}},{"start":{"line":26,"column":20},"end":{"line":26,"column":70}},{"start":{"line":27,"column":20},"end":{"line":27,"column":71}},{"start":{"line":28,"column":20},"end":{"line":28,"column":29}}]},"2":{"line":30,"type":"binary-expr","locations":[{"start":{"line":30,"column":23},"end":{"line":30,"column":37}},{"start":{"line":31,"column":20},"end":{"line":31,"column":61}},{"start":{"line":32,"column":20},"end":{"line":32,"column":70}},{"start":{"line":33,"column":20},"end":{"line":33,"column":26}}]},"3":{"line":37,"type":"cond-expr","locations":[{"start":{"line":38,"column":14},"end":{"line":38,"column":20}},{"start":{"line":39,"column":14},"end":{"line":39,"column":20}}]},"4":{"line":40,"type":"switch","locations":[{"start":{"line":42,"column":8},"end":{"line":47,"column":18}},{"start":{"line":49,"column":8},"end":{"line":52,"column":18}}]},"5":{"line":44,"type":"binary-expr","locations":[{"start":{"line":44,"column":16},"end":{"line":44,"column":44}},{"start":{"line":44,"column":48},"end":{"line":44,"column":66}}]},"6":{"line":50,"type":"binary-expr","locations":[{"start":{"line":50,"column":21},"end":{"line":50,"column":49}},{"start":{"line":50,"column":53},"end":{"line":50,"column":72}}]},"7":{"line":64,"type":"switch","locations":[{"start":{"line":69,"column":4},"end":{"line":70,"column":14}},{"start":{"line":75,"column":4},"end":{"line":76,"column":14}}]},"8":{"line":85,"type":"switch","locations":[{"start":{"line":90,"column":4},"end":{"line":105,"column":14}},{"start":{"line":111,"column":4},"end":{"line":193,"column":14},"skip":true}]},"9":{"line":91,"type":"binary-expr","locations":[{"start":{"line":91,"column":42},"end":{"line":91,"column":73}},{"start":{"line":91,"column":77},"end":{"line":99,"column":9}}]},"10":{"line":102,"type":"binary-expr","locations":[{"start":{"line":102,"column":18},"end":{"line":102,"column":32}},{"start":{"line":103,"column":12},"end":{"line":103,"column":53}},{"start":{"line":104,"column":12},"end":{"line":104,"column":61}}]},"11":{"line":112,"type":"binary-expr","locations":[{"start":{"line":112,"column":45},"end":{"line":112,"column":79},"skip":true},{"start":{"line":112,"column":83},"end":{"line":121,"column":9},"skip":true}]},"12":{"line":123,"type":"binary-expr","locations":[{"start":{"line":123,"column":42},"end":{"line":123,"column":73},"skip":true},{"start":{"line":123,"column":77},"end":{"line":136,"column":9},"skip":true}]},"13":{"line":138,"type":"binary-expr","locations":[{"start":{"line":138,"column":48},"end":{"line":138,"column":85},"skip":true},{"start":{"line":139,"column":12},"end":{"line":145,"column":13},"skip":true}]},"14":{"line":147,"type":"binary-expr","locations":[{"start":{"line":147,"column":42},"end":{"line":147,"column":73},"skip":true},{"start":{"line":147,"column":77},"end":{"line":156,"column":9},"skip":true}]},"15":{"line":158,"type":"binary-expr","locations":[{"start":{"line":158,"column":45},"end":{"line":158,"column":79},"skip":true},{"start":{"line":158,"column":83},"end":{"line":167,"column":9},"skip":true}]},"16":{"line":169,"type":"binary-expr","locations":[{"start":{"line":169,"column":43},"end":{"line":169,"column":75},"skip":true},{"start":{"line":169,"column":79},"end":{"line":178,"column":9},"skip":true}]},"17":{"line":180,"type":"binary-expr","locations":[{"start":{"line":180,"column":41},"end":{"line":180,"column":71},"skip":true},{"start":{"line":180,"column":75},"end":{"line":189,"column":9},"skip":true}]}},"code":["/* istanbul instrument in package npmtest_sass_convert */","/*jslint","    bitwise: true,","    browser: true,","    maxerr: 8,","    maxlen: 96,","    node: true,","    nomen: true,","    regexp: true,","    stupid: true","*/","(function () {","    'use strict';","    var local;","","","","    // run shared js-env code - pre-init","    (function () {","        // init local","        local = {};","        // init modeJs","        local.modeJs = (function () {","            try {","                return typeof navigator.userAgent === 'string' &&","                    typeof document.querySelector('body') === 'object' &&","                    typeof XMLHttpRequest.prototype.open === 'function' &&","                    'browser';","            } catch (errorCaughtBrowser) {","                return module.exports &&","                    typeof process.versions.node === 'string' &&","                    typeof require('http').createServer === 'function' &&","                    'node';","            }","        }());","        // init global","        local.global = local.modeJs === 'browser'","            ? window","            : global;","        switch (local.modeJs) {","        // re-init local from window.local","        case 'browser':","            local = local.global.utility2.objectSetDefault(","                local.global.utility2_rollup || local.global.local,","                local.global.utility2","            );","            break;","        // re-init local from example.js","        case 'node':","            local = (local.global.utility2_rollup || require('utility2'))","                .requireExampleJsFromReadme();","            break;","        }","        // export local","        local.global.local = local;","    }());","","","","    // run shared js-env code - function","    (function () {","        return;","    }());","    switch (local.modeJs) {","","","","    // run browser js-env code - function","    case 'browser':","        break;","","","","    // run node js-env code - function","    case 'node':","        break;","    }","","","","    // run shared js-env code - post-init","    (function () {","        return;","    }());","    switch (local.modeJs) {","","","","    // run browser js-env code - post-init","    case 'browser':","        local.testCase_browser_nullCase = local.testCase_browser_nullCase || function (","            options,","            onError","        ) {","        /*","         * this function will test browsers's null-case handling-behavior-behavior","         */","            onError(null, options);","        };","","        // run tests","        local.nop(local.modeTest &&","            document.querySelector('#testRunButton1') &&","            document.querySelector('#testRunButton1').click());","        break;","","","","    // run node js-env code - post-init","    /* istanbul ignore next */","    case 'node':","        local.testCase_buildApidoc_default = local.testCase_buildApidoc_default || function (","            options,","            onError","        ) {","        /*","         * this function will test buildApidoc's default handling-behavior-behavior","         */","            options = { modulePathList: module.paths };","            local.buildApidoc(options, onError);","        };","","        local.testCase_buildApp_default = local.testCase_buildApp_default || function (","            options,","            onError","        ) {","        /*","         * this function will test buildApp's default handling-behavior-behavior","         */","            local.testCase_buildReadme_default(options, local.onErrorThrow);","            local.testCase_buildLib_default(options, local.onErrorThrow);","            local.testCase_buildTest_default(options, local.onErrorThrow);","            local.testCase_buildCustomOrg_default(options, local.onErrorThrow);","            options = [];","            local.buildApp(options, onError);","        };","","        local.testCase_buildCustomOrg_default = local.testCase_buildCustomOrg_default ||","            function (options, onError) {","            /*","             * this function will test buildCustomOrg's default handling-behavior","             */","                options = {};","                local.buildCustomOrg(options, onError);","            };","","        local.testCase_buildLib_default = local.testCase_buildLib_default || function (","            options,","            onError","        ) {","        /*","         * this function will test buildLib's default handling-behavior","         */","            options = {};","            local.buildLib(options, onError);","        };","","        local.testCase_buildReadme_default = local.testCase_buildReadme_default || function (","            options,","            onError","        ) {","        /*","         * this function will test buildReadme's default handling-behavior-behavior","         */","            options = {};","            local.buildReadme(options, onError);","        };","","        local.testCase_buildTest_default = local.testCase_buildTest_default || function (","            options,","            onError","        ) {","        /*","         * this function will test buildTest's default handling-behavior","         */","            options = {};","            local.buildTest(options, onError);","        };","","        local.testCase_webpage_default = local.testCase_webpage_default || function (","            options,","            onError","        ) {","        /*","         * this function will test webpage's default handling-behavior","         */","            options = { modeCoverageMerge: true, url: local.serverLocalHost + '?modeTest=1' };","            local.browserTest(options, onError);","        };","","        // run test-server","        local.testRunServer(local);","        break;","    }","}());",""],"l":{"12":2,"14":2,"19":2,"21":2,"23":2,"24":2,"25":2,"30":1,"37":2,"40":2,"43":1,"47":1,"50":1,"52":1,"55":2,"61":2,"62":2,"64":2,"70":1,"76":1,"82":2,"83":2,"85":2,"91":1,"98":1,"102":1,"105":1,"112":1,"119":1,"120":1,"123":1,"130":1,"131":1,"132":1,"133":1,"134":1,"135":1,"138":1,"143":2,"144":2,"147":1,"154":2,"155":2,"158":1,"165":2,"166":2,"169":1,"176":2,"177":2,"180":1,"187":1,"188":1,"192":1,"193":1}},"/home/travis/build/npmtest/node-npmtest-sass-convert/lib.npmtest_sass_convert.js":{"path":"/home/travis/build/npmtest/node-npmtest-sass-convert/lib.npmtest_sass_convert.js","s":{"1":2,"2":2,"3":2,"4":2,"5":2,"6":2,"7":2,"8":1,"9":2,"10":2,"11":2,"12":2,"13":1,"14":1,"15":1,"16":1},"b":{"1":[2,1,1,1],"2":[1,1,1,1],"3":[1,1],"4":[2,2],"5":[1,1]},"f":{"1":2,"2":2,"3":2},"fnMap":{"1":{"name":"(anonymous_1)","line":12,"loc":{"start":{"line":12,"column":1},"end":{"line":12,"column":13}}},"2":{"name":"(anonymous_2)","line":19,"loc":{"start":{"line":19,"column":5},"end":{"line":19,"column":17}}},"3":{"name":"(anonymous_3)","line":23,"loc":{"start":{"line":23,"column":24},"end":{"line":23,"column":36}}}},"statementMap":{"1":{"start":{"line":12,"column":0},"end":{"line":53,"column":5}},"2":{"start":{"line":14,"column":4},"end":{"line":14,"column":14}},"3":{"start":{"line":19,"column":4},"end":{"line":52,"column":9}},"4":{"start":{"line":21,"column":8},"end":{"line":21,"column":19}},"5":{"start":{"line":23,"column":8},"end":{"line":35,"column":13}},"6":{"start":{"line":24,"column":12},"end":{"line":34,"column":13}},"7":{"start":{"line":25,"column":16},"end":{"line":28,"column":30}},"8":{"start":{"line":30,"column":16},"end":{"line":33,"column":27}},"9":{"start":{"line":37,"column":8},"end":{"line":39,"column":21}},"10":{"start":{"line":41,"column":8},"end":{"line":41,"column":54}},"11":{"start":{"line":43,"column":8},"end":{"line":43,"column":57}},"12":{"start":{"line":45,"column":8},"end":{"line":51,"column":9}},"13":{"start":{"line":46,"column":12},"end":{"line":46,"column":63}},"14":{"start":{"line":48,"column":12},"end":{"line":48,"column":35}},"15":{"start":{"line":49,"column":12},"end":{"line":49,"column":49}},"16":{"start":{"line":50,"column":12},"end":{"line":50,"column":43}}},"branchMap":{"1":{"line":25,"type":"binary-expr","locations":[{"start":{"line":25,"column":23},"end":{"line":25,"column":62}},{"start":{"line":26,"column":20},"end":{"line":26,"column":70}},{"start":{"line":27,"column":20},"end":{"line":27,"column":71}},{"start":{"line":28,"column":20},"end":{"line":28,"column":29}}]},"2":{"line":30,"type":"binary-expr","locations":[{"start":{"line":30,"column":23},"end":{"line":30,"column":37}},{"start":{"line":31,"column":20},"end":{"line":31,"column":61}},{"start":{"line":32,"column":20},"end":{"line":32,"column":70}},{"start":{"line":33,"column":20},"end":{"line":33,"column":26}}]},"3":{"line":37,"type":"cond-expr","locations":[{"start":{"line":38,"column":14},"end":{"line":38,"column":20}},{"start":{"line":39,"column":14},"end":{"line":39,"column":20}}]},"4":{"line":41,"type":"binary-expr","locations":[{"start":{"line":41,"column":16},"end":{"line":41,"column":44}},{"start":{"line":41,"column":48},"end":{"line":41,"column":53}}]},"5":{"line":45,"type":"if","locations":[{"start":{"line":45,"column":8},"end":{"line":45,"column":8}},{"start":{"line":45,"column":8},"end":{"line":45,"column":8}}]}},"code":["/* istanbul instrument in package npmtest_sass_convert */","/*jslint","    bitwise: true,","    browser: true,","    maxerr: 8,","    maxlen: 96,","    node: true,","    nomen: true,","    regexp: true,","    stupid: true","*/","(function () {","    'use strict';","    var local;","","","","    // run shared js-env code - pre-init","    (function () {","        // init local","        local = {};","        // init modeJs","        local.modeJs = (function () {","            try {","                return typeof navigator.userAgent === 'string' &&","                    typeof document.querySelector('body') === 'object' &&","                    typeof XMLHttpRequest.prototype.open === 'function' &&","                    'browser';","            } catch (errorCaughtBrowser) {","                return module.exports &&","                    typeof process.versions.node === 'string' &&","                    typeof require('http').createServer === 'function' &&","                    'node';","            }","        }());","        // init global","        local.global = local.modeJs === 'browser'","            ? window","            : global;","        // init utility2_rollup","        local = local.global.utility2_rollup || local;","        // init lib","        local.local = local.npmtest_sass_convert = local;","        // init exports","        if (local.modeJs === 'browser') {","            local.global.utility2_npmtest_sass_convert = local;","        } else {","            module.exports = local;","            module.exports.__dirname = __dirname;","            module.exports.module = module;","        }","    }());","}());",""],"l":{"12":2,"14":2,"19":2,"21":2,"23":2,"24":2,"25":2,"30":1,"37":2,"41":2,"43":2,"45":2,"46":1,"48":1,"49":1,"50":1}},"/home/travis/build/npmtest/node-npmtest-sass-convert/example.js":{"path":"/home/travis/build/npmtest/node-npmtest-sass-convert/example.js","s":{"1":2,"2":2,"3":2,"4":2,"5":2,"6":2,"7":2,"8":1,"9":2,"10":2,"11":2,"12":2,"13":1,"14":2,"15":2,"16":2,"17":2,"18":2,"19":0,"20":2,"21":1,"22":1,"23":1,"24":1,"25":1,"26":0,"27":0,"28":1,"29":1,"30":2,"31":0,"32":0,"33":0,"34":1,"35":2,"36":2,"37":3,"38":3,"39":3,"40":3,"41":0,"42":3,"43":3,"44":3,"45":1,"46":3,"47":1,"48":1,"49":1,"50":1,"51":1,"52":1,"53":1,"54":1,"55":1,"56":1,"57":0,"58":1,"59":6,"60":6,"61":1,"62":2,"63":0,"64":2,"65":1,"66":1,"67":0,"68":0,"69":0,"70":0,"71":0,"72":0,"73":0,"74":0,"75":0,"76":0,"77":0,"78":0,"79":0,"80":0,"81":0,"82":0,"83":0},"b":{"1":[2,1,1,1],"2":[1,1,1,1],"3":[1,1],"4":[2,2],"5":[1,1],"6":[1,1],"7":[2,0],"8":[2,1,1,1,1,1],"9":[0,2,0],"10":[1,1],"11":[2,1,1],"12":[1,0],"13":[0,2],"14":[2,0,0,0,0,0,0],"15":[0,3],"16":[3,0],"17":[1,1],"18":[0,1],"19":[1,2,0,2],"20":[1,0],"21":[1,1],"22":[0,0],"23":[0,0],"24":[0,0],"25":[0,0],"26":[0,0],"27":[0,0],"28":[0,0]},"f":{"1":2,"2":2,"3":2,"4":2,"5":2,"6":2,"7":3,"8":3,"9":3,"10":1,"11":6,"12":0},"fnMap":{"1":{"name":"(anonymous_1)","line":26,"loc":{"start":{"line":26,"column":1},"end":{"line":26,"column":13}}},"2":{"name":"(anonymous_2)","line":33,"loc":{"start":{"line":33,"column":5},"end":{"line":33,"column":17}}},"3":{"name":"(anonymous_3)","line":37,"loc":{"start":{"line":37,"column":24},"end":{"line":37,"column":36}}},"4":{"name":"(anonymous_4)","line":69,"loc":{"start":{"line":69,"column":31},"end":{"line":69,"column":48}},"skip":true},"5":{"name":"(anonymous_5)","line":78,"loc":{"start":{"line":78,"column":26},"end":{"line":78,"column":45}},"skip":true},"6":{"name":"(anonymous_6)","line":123,"loc":{"start":{"line":123,"column":33},"end":{"line":123,"column":48}},"skip":true},"7":{"name":"(anonymous_7)","line":125,"loc":{"start":{"line":125,"column":27},"end":{"line":125,"column":39}},"skip":true},"8":{"name":"(anonymous_8)","line":133,"loc":{"start":{"line":133,"column":59},"end":{"line":133,"column":74}},"skip":true},"9":{"name":"(anonymous_9)","line":143,"loc":{"start":{"line":143,"column":45},"end":{"line":143,"column":62}},"skip":true},"10":{"name":"(anonymous_10)","line":144,"loc":{"start":{"line":144,"column":73},"end":{"line":144,"column":92}},"skip":true},"11":{"name":"(anonymous_11)","line":272,"loc":{"start":{"line":272,"column":51},"end":{"line":272,"column":77}},"skip":true},"12":{"name":"(anonymous_12)","line":315,"loc":{"start":{"line":315,"column":32},"end":{"line":315,"column":61}},"skip":true}},"statementMap":{"1":{"start":{"line":26,"column":0},"end":{"line":326,"column":5}},"2":{"start":{"line":28,"column":4},"end":{"line":28,"column":14}},"3":{"start":{"line":33,"column":4},"end":{"line":60,"column":9}},"4":{"start":{"line":35,"column":8},"end":{"line":35,"column":19}},"5":{"start":{"line":37,"column":8},"end":{"line":49,"column":13}},"6":{"start":{"line":38,"column":12},"end":{"line":48,"column":13}},"7":{"start":{"line":39,"column":16},"end":{"line":42,"column":30}},"8":{"start":{"line":44,"column":16},"end":{"line":47,"column":27}},"9":{"start":{"line":51,"column":8},"end":{"line":53,"column":21}},"10":{"start":{"line":55,"column":8},"end":{"line":57,"column":45}},"11":{"start":{"line":59,"column":8},"end":{"line":59,"column":35}},"12":{"start":{"line":61,"column":4},"end":{"line":325,"column":5}},"13":{"start":{"line":69,"column":8},"end":{"line":121,"column":10},"skip":true},"14":{"start":{"line":70,"column":12},"end":{"line":88,"column":13},"skip":true},"15":{"start":{"line":76,"column":16},"end":{"line":87,"column":19},"skip":true},"16":{"start":{"line":79,"column":20},"end":{"line":86,"column":21},"skip":true},"17":{"start":{"line":82,"column":24},"end":{"line":82,"column":43},"skip":true},"18":{"start":{"line":83,"column":24},"end":{"line":83,"column":30},"skip":true},"19":{"start":{"line":85,"column":24},"end":{"line":85,"column":49},"skip":true},"20":{"start":{"line":89,"column":12},"end":{"line":107,"column":13},"skip":true},"21":{"start":{"line":92,"column":16},"end":{"line":102,"column":17},"skip":true},"22":{"start":{"line":93,"column":20},"end":{"line":93,"column":86},"skip":true},"23":{"start":{"line":94,"column":20},"end":{"line":95,"column":45},"skip":true},"24":{"start":{"line":96,"column":20},"end":{"line":96,"column":42},"skip":true},"25":{"start":{"line":97,"column":20},"end":{"line":97,"column":48},"skip":true},"26":{"start":{"line":100,"column":20},"end":{"line":100,"column":85},"skip":true},"27":{"start":{"line":101,"column":20},"end":{"line":101,"column":96},"skip":true},"28":{"start":{"line":103,"column":16},"end":{"line":103,"column":22},"skip":true},"29":{"start":{"line":106,"column":16},"end":{"line":106,"column":22},"skip":true},"30":{"start":{"line":108,"column":12},"end":{"line":120,"column":13},"skip":true},"31":{"start":{"line":114,"column":16},"end":{"line":119,"column":17},"skip":true},"32":{"start":{"line":116,"column":20},"end":{"line":116,"column":78},"skip":true},"33":{"start":{"line":118,"column":20},"end":{"line":118,"column":47},"skip":true},"34":{"start":{"line":123,"column":8},"end":{"line":141,"column":11},"skip":true},"35":{"start":{"line":124,"column":12},"end":{"line":124,"column":54},"skip":true},"36":{"start":{"line":125,"column":12},"end":{"line":140,"column":14},"skip":true},"37":{"start":{"line":126,"column":16},"end":{"line":126,"column":28},"skip":true},"38":{"start":{"line":127,"column":16},"end":{"line":127,"column":69},"skip":true},"39":{"start":{"line":128,"column":16},"end":{"line":128,"column":75},"skip":true},"40":{"start":{"line":129,"column":16},"end":{"line":131,"column":17},"skip":true},"41":{"start":{"line":130,"column":20},"end":{"line":130,"column":27},"skip":true},"42":{"start":{"line":133,"column":16},"end":{"line":137,"column":36},"skip":true},"43":{"start":{"line":134,"column":20},"end":{"line":136,"column":55},"skip":true},"44":{"start":{"line":139,"column":16},"end":{"line":139,"column":57},"skip":true},"45":{"start":{"line":143,"column":8},"end":{"line":147,"column":11},"skip":true},"46":{"start":{"line":144,"column":12},"end":{"line":146,"column":15},"skip":true},"47":{"start":{"line":145,"column":16},"end":{"line":145,"column":70},"skip":true},"48":{"start":{"line":149,"column":8},"end":{"line":149,"column":31},"skip":true},"49":{"start":{"line":150,"column":8},"end":{"line":150,"column":14},"skip":true},"50":{"start":{"line":158,"column":8},"end":{"line":158,"column":31},"skip":true},"51":{"start":{"line":160,"column":8},"end":{"line":160,"column":33},"skip":true},"52":{"start":{"line":161,"column":8},"end":{"line":161,"column":37},"skip":true},"53":{"start":{"line":162,"column":8},"end":{"line":162,"column":35},"skip":true},"54":{"start":{"line":164,"column":8},"end":{"line":164,"column":50},"skip":true},"55":{"start":{"line":166,"column":8},"end":{"line":256,"column":2},"skip":true},"56":{"start":{"line":258,"column":8},"end":{"line":286,"column":9},"skip":true},"57":{"start":{"line":259,"column":12},"end":{"line":269,"column":14},"skip":true},"58":{"start":{"line":271,"column":12},"end":{"line":285,"column":19},"skip":true},"59":{"start":{"line":274,"column":20},"end":{"line":274,"column":35},"skip":true},"60":{"start":{"line":275,"column":20},"end":{"line":284,"column":21},"skip":true},"61":{"start":{"line":277,"column":24},"end":{"line":277,"column":64},"skip":true},"62":{"start":{"line":279,"column":24},"end":{"line":279,"column":40},"skip":true},"63":{"start":{"line":281,"column":24},"end":{"line":281,"column":40},"skip":true},"64":{"start":{"line":283,"column":24},"end":{"line":283,"column":39},"skip":true},"65":{"start":{"line":288,"column":8},"end":{"line":290,"column":9},"skip":true},"66":{"start":{"line":289,"column":12},"end":{"line":289,"column":18},"skip":true},"67":{"start":{"line":291,"column":8},"end":{"line":293,"column":54},"skip":true},"68":{"start":{"line":296,"column":8},"end":{"line":301,"column":37},"skip":true},"69":{"start":{"line":303,"column":8},"end":{"line":303,"column":82},"skip":true},"70":{"start":{"line":306,"column":8},"end":{"line":308,"column":9},"skip":true},"71":{"start":{"line":307,"column":12},"end":{"line":307,"column":82},"skip":true},"72":{"start":{"line":310,"column":8},"end":{"line":312,"column":9},"skip":true},"73":{"start":{"line":311,"column":12},"end":{"line":311,"column":18},"skip":true},"74":{"start":{"line":313,"column":8},"end":{"line":313,"column":54},"skip":true},"75":{"start":{"line":314,"column":8},"end":{"line":314,"column":69},"skip":true},"76":{"start":{"line":315,"column":8},"end":{"line":323,"column":36},"skip":true},"77":{"start":{"line":316,"column":12},"end":{"line":316,"column":61},"skip":true},"78":{"start":{"line":317,"column":12},"end":{"line":320,"column":13},"skip":true},"79":{"start":{"line":318,"column":16},"end":{"line":318,"column":75},"skip":true},"80":{"start":{"line":319,"column":16},"end":{"line":319,"column":23},"skip":true},"81":{"start":{"line":321,"column":12},"end":{"line":321,"column":38},"skip":true},"82":{"start":{"line":322,"column":12},"end":{"line":322,"column":27},"skip":true},"83":{"start":{"line":324,"column":8},"end":{"line":324,"column":14},"skip":true}},"branchMap":{"1":{"line":39,"type":"binary-expr","locations":[{"start":{"line":39,"column":23},"end":{"line":39,"column":62}},{"start":{"line":40,"column":20},"end":{"line":40,"column":70}},{"start":{"line":41,"column":20},"end":{"line":41,"column":71}},{"start":{"line":42,"column":20},"end":{"line":42,"column":29}}]},"2":{"line":44,"type":"binary-expr","locations":[{"start":{"line":44,"column":23},"end":{"line":44,"column":37}},{"start":{"line":45,"column":20},"end":{"line":45,"column":61}},{"start":{"line":46,"column":20},"end":{"line":46,"column":70}},{"start":{"line":47,"column":20},"end":{"line":47,"column":26}}]},"3":{"line":51,"type":"cond-expr","locations":[{"start":{"line":52,"column":14},"end":{"line":52,"column":20}},{"start":{"line":53,"column":14},"end":{"line":53,"column":20}}]},"4":{"line":55,"type":"binary-expr","locations":[{"start":{"line":55,"column":16},"end":{"line":55,"column":44}},{"start":{"line":55,"column":49},"end":{"line":57,"column":43}}]},"5":{"line":55,"type":"cond-expr","locations":[{"start":{"line":56,"column":14},"end":{"line":56,"column":56}},{"start":{"line":57,"column":14},"end":{"line":57,"column":43}}]},"6":{"line":61,"type":"switch","locations":[{"start":{"line":68,"column":4},"end":{"line":150,"column":14},"skip":true},{"start":{"line":156,"column":4},"end":{"line":324,"column":14},"skip":true}]},"7":{"line":70,"type":"if","locations":[{"start":{"line":70,"column":12},"end":{"line":70,"column":12},"skip":true},{"start":{"line":70,"column":12},"end":{"line":70,"column":12},"skip":true}]},"8":{"line":70,"type":"binary-expr","locations":[{"start":{"line":70,"column":16},"end":{"line":70,"column":22},"skip":true},{"start":{"line":70,"column":27},"end":{"line":70,"column":32},"skip":true},{"start":{"line":71,"column":20},"end":{"line":71,"column":39},"skip":true},{"start":{"line":72,"column":20},"end":{"line":72,"column":49},"skip":true},{"start":{"line":73,"column":20},"end":{"line":73,"column":58},"skip":true},{"start":{"line":74,"column":20},"end":{"line":74,"column":69},"skip":true}]},"9":{"line":79,"type":"switch","locations":[{"start":{"line":80,"column":20},"end":{"line":80,"column":33},"skip":true},{"start":{"line":81,"column":20},"end":{"line":83,"column":30},"skip":true},{"start":{"line":84,"column":20},"end":{"line":85,"column":49},"skip":true}]},"10":{"line":89,"type":"switch","locations":[{"start":{"line":90,"column":12},"end":{"line":103,"column":22},"skip":true},{"start":{"line":105,"column":12},"end":{"line":106,"column":22},"skip":true}]},"11":{"line":89,"type":"binary-expr","locations":[{"start":{"line":89,"column":20},"end":{"line":89,"column":25},"skip":true},{"start":{"line":89,"column":29},"end":{"line":89,"column":48},"skip":true},{"start":{"line":89,"column":52},"end":{"line":89,"column":74},"skip":true}]},"12":{"line":92,"type":"if","locations":[{"start":{"line":92,"column":16},"end":{"line":92,"column":16},"skip":true},{"start":{"line":92,"column":16},"end":{"line":92,"column":16},"skip":true}]},"13":{"line":108,"type":"if","locations":[{"start":{"line":108,"column":12},"end":{"line":108,"column":12},"skip":true},{"start":{"line":108,"column":12},"end":{"line":108,"column":12},"skip":true}]},"14":{"line":108,"type":"binary-expr","locations":[{"start":{"line":108,"column":16},"end":{"line":108,"column":61},"skip":true},{"start":{"line":108,"column":66},"end":{"line":108,"column":72},"skip":true},{"start":{"line":108,"column":77},"end":{"line":108,"column":82},"skip":true},{"start":{"line":109,"column":20},"end":{"line":109,"column":39},"skip":true},{"start":{"line":110,"column":20},"end":{"line":110,"column":49},"skip":true},{"start":{"line":111,"column":20},"end":{"line":111,"column":58},"skip":true},{"start":{"line":112,"column":20},"end":{"line":112,"column":68},"skip":true}]},"15":{"line":129,"type":"if","locations":[{"start":{"line":129,"column":16},"end":{"line":129,"column":16},"skip":true},{"start":{"line":129,"column":16},"end":{"line":129,"column":16},"skip":true}]},"16":{"line":134,"type":"cond-expr","locations":[{"start":{"line":135,"column":26},"end":{"line":135,"column":29},"skip":true},{"start":{"line":136,"column":26},"end":{"line":136,"column":54},"skip":true}]},"17":{"line":164,"type":"binary-expr","locations":[{"start":{"line":164,"column":27},"end":{"line":164,"column":43},"skip":true},{"start":{"line":164,"column":47},"end":{"line":164,"column":49},"skip":true}]},"18":{"line":258,"type":"if","locations":[{"start":{"line":258,"column":8},"end":{"line":258,"column":8},"skip":true},{"start":{"line":258,"column":8},"end":{"line":258,"column":8},"skip":true}]},"19":{"line":275,"type":"switch","locations":[{"start":{"line":276,"column":20},"end":{"line":277,"column":64},"skip":true},{"start":{"line":278,"column":20},"end":{"line":279,"column":40},"skip":true},{"start":{"line":280,"column":20},"end":{"line":281,"column":40},"skip":true},{"start":{"line":282,"column":20},"end":{"line":283,"column":39},"skip":true}]},"20":{"line":288,"type":"if","locations":[{"start":{"line":288,"column":8},"end":{"line":288,"column":8},"skip":true},{"start":{"line":288,"column":8},"end":{"line":288,"column":8},"skip":true}]},"21":{"line":288,"type":"binary-expr","locations":[{"start":{"line":288,"column":12},"end":{"line":288,"column":40},"skip":true},{"start":{"line":288,"column":44},"end":{"line":288,"column":67},"skip":true}]},"22":{"line":292,"type":"binary-expr","locations":[{"start":{"line":292,"column":12},"end":{"line":292,"column":50},"skip":true},{"start":{"line":293,"column":12},"end":{"line":293,"column":53},"skip":true}]},"23":{"line":297,"type":"binary-expr","locations":[{"start":{"line":297,"column":12},"end":{"line":297,"column":70},"skip":true},{"start":{"line":298,"column":12},"end":{"line":301,"column":36},"skip":true}]},"24":{"line":303,"type":"binary-expr","locations":[{"start":{"line":303,"column":43},"end":{"line":303,"column":75},"skip":true},{"start":{"line":303,"column":79},"end":{"line":303,"column":81},"skip":true}]},"25":{"line":306,"type":"if","locations":[{"start":{"line":306,"column":8},"end":{"line":306,"column":8},"skip":true},{"start":{"line":306,"column":8},"end":{"line":306,"column":8},"skip":true}]},"26":{"line":310,"type":"if","locations":[{"start":{"line":310,"column":8},"end":{"line":310,"column":8},"skip":true},{"start":{"line":310,"column":8},"end":{"line":310,"column":8},"skip":true}]},"27":{"line":313,"type":"binary-expr","locations":[{"start":{"line":313,"column":27},"end":{"line":313,"column":43},"skip":true},{"start":{"line":313,"column":47},"end":{"line":313,"column":53},"skip":true}]},"28":{"line":317,"type":"if","locations":[{"start":{"line":317,"column":12},"end":{"line":317,"column":12},"skip":true},{"start":{"line":317,"column":12},"end":{"line":317,"column":12},"skip":true}]}},"code":["/*","example.js","","quickstart example","","instruction","    1. save this script as example.js","    2. run the shell command:","        $ npm install npmtest-sass-convert && PORT=8081 node example.js","    3. play with the browser-demo on http://127.0.0.1:8081","*/","","","","/* istanbul instrument in package npmtest_sass_convert */","/*jslint","    bitwise: true,","    browser: true,","    maxerr: 8,","    maxlen: 96,","    node: true,","    nomen: true,","    regexp: true,","    stupid: true","*/","(function () {","    'use strict';","    var local;","","","","    // run shared js-env code - pre-init","    (function () {","        // init local","        local = {};","        // init modeJs","        local.modeJs = (function () {","            try {","                return typeof navigator.userAgent === 'string' &&","                    typeof document.querySelector('body') === 'object' &&","                    typeof XMLHttpRequest.prototype.open === 'function' &&","                    'browser';","            } catch (errorCaughtBrowser) {","                return module.exports &&","                    typeof process.versions.node === 'string' &&","                    typeof require('http').createServer === 'function' &&","                    'node';","            }","        }());","        // init global","        local.global = local.modeJs === 'browser'","            ? window","            : global;","        // init utility2_rollup","        local = local.global.utility2_rollup || (local.modeJs === 'browser'","            ? local.global.utility2_npmtest_sass_convert","            : global.utility2_moduleExports);","        // export local","        local.global.local = local;","    }());","    switch (local.modeJs) {","","","","    // post-init","    // run browser js-env code - post-init","    /* istanbul ignore next */","    case 'browser':","        local.testRunBrowser = function (event) {","            if (!event || (event &&","                    event.currentTarget &&","                    event.currentTarget.className &&","                    event.currentTarget.className.includes &&","                    event.currentTarget.className.includes('onreset'))) {","                // reset output","                Array.from(","                    document.querySelectorAll('body > .resettable')","                ).forEach(function (element) {","                    switch (element.tagName) {","                    case 'INPUT':","                    case 'TEXTAREA':","                        element.value = '';","                        break;","                    default:","                        element.textContent = '';","                    }","                });","            }","            switch (event && event.currentTarget && event.currentTarget.id) {","            case 'testRunButton1':","                // show tests","                if (document.querySelector('#testReportDiv1').style.display === 'none') {","                    document.querySelector('#testReportDiv1').style.display = 'block';","                    document.querySelector('#testRunButton1').textContent =","                        'hide internal test';","                    local.modeTest = true;","                    local.testRunDefault(local);","                // hide tests","                } else {","                    document.querySelector('#testReportDiv1').style.display = 'none';","                    document.querySelector('#testRunButton1').textContent = 'run internal test';","                }","                break;","            // custom-case","            default:","                break;","            }","            if (document.querySelector('#inputTextareaEval1') && (!event || (event &&","                    event.currentTarget &&","                    event.currentTarget.className &&","                    event.currentTarget.className.includes &&","                    event.currentTarget.className.includes('oneval')))) {","                // try to eval input-code","                try {","                    /*jslint evil: true*/","                    eval(document.querySelector('#inputTextareaEval1').value);","                } catch (errorCaught) {","                    console.error(errorCaught);","                }","            }","        };","        // log stderr and stdout to #outputTextareaStdout1","        ['error', 'log'].forEach(function (key) {","            console[key + '_original'] = console[key];","            console[key] = function () {","                var element;","                console[key + '_original'].apply(console, arguments);","                element = document.querySelector('#outputTextareaStdout1');","                if (!element) {","                    return;","                }","                // append text to #outputTextareaStdout1","                element.value += Array.from(arguments).map(function (arg) {","                    return typeof arg === 'string'","                        ? arg","                        : JSON.stringify(arg, null, 4);","                }).join(' ') + '\\n';","                // scroll textarea to bottom","                element.scrollTop = element.scrollHeight;","            };","        });","        // init event-handling","        ['change', 'click', 'keyup'].forEach(function (event) {","            Array.from(document.querySelectorAll('.on' + event)).forEach(function (element) {","                element.addEventListener(event, local.testRunBrowser);","            });","        });","        // run tests","        local.testRunBrowser();","        break;","","","","    // run node js-env code - post-init","    /* istanbul ignore next */","    case 'node':","        // export local","        module.exports = local;","        // require modules","        local.fs = require('fs');","        local.http = require('http');","        local.url = require('url');","        // init assets","        local.assetsDict = local.assetsDict || {};","        /* jslint-ignore-begin */","        local.assetsDict['/assets.index.template.html'] = '\\","<!doctype html>\\n\\","<html lang=\"en\">\\n\\","<head>\\n\\","<meta charset=\"UTF-8\">\\n\\","<meta name=\"viewport\" content=\"width=device-width, initial-scale=1\">\\n\\","<title>{{env.npm_package_name}} (v{{env.npm_package_version}})</title>\\n\\","<style>\\n\\","/*csslint\\n\\","    box-sizing: false,\\n\\","    universal-selector: false\\n\\","*/\\n\\","* {\\n\\","    box-sizing: border-box;\\n\\","}\\n\\","body {\\n\\","    background: #dde;\\n\\","    font-family: Arial, Helvetica, sans-serif;\\n\\","    margin: 2rem;\\n\\","}\\n\\","body > * {\\n\\","    margin-bottom: 1rem;\\n\\","}\\n\\",".utility2FooterDiv {\\n\\","    margin-top: 20px;\\n\\","    text-align: center;\\n\\","}\\n\\","</style>\\n\\","<style>\\n\\","/*csslint\\n\\","*/\\n\\","textarea {\\n\\","    font-family: monospace;\\n\\","    height: 10rem;\\n\\","    width: 100%;\\n\\","}\\n\\","textarea[readonly] {\\n\\","    background: #ddd;\\n\\","}\\n\\","</style>\\n\\","</head>\\n\\","<body>\\n\\","<!-- utility2-comment\\n\\","<div id=\"ajaxProgressDiv1\" style=\"background: #d00; height: 2px; left: 0; margin: 0; padding: 0; position: fixed; top: 0; transition: background 0.5s, width 1.5s; width: 25%;\"></div>\\n\\","utility2-comment -->\\n\\","<h1>\\n\\","<!-- utility2-comment\\n\\","    <a\\n\\","        {{#if env.npm_package_homepage}}\\n\\","        href=\"{{env.npm_package_homepage}}\"\\n\\","        {{/if env.npm_package_homepage}}\\n\\","        target=\"_blank\"\\n\\","    >\\n\\","utility2-comment -->\\n\\","        {{env.npm_package_name}} (v{{env.npm_package_version}})\\n\\","<!-- utility2-comment\\n\\","    </a>\\n\\","utility2-comment -->\\n\\","</h1>\\n\\","<h3>{{env.npm_package_description}}</h3>\\n\\","<!-- utility2-comment\\n\\","<h4><a download href=\"assets.app.js\">download standalone app</a></h4>\\n\\","<button class=\"onclick onreset\" id=\"testRunButton1\">run internal test</button><br>\\n\\","<div id=\"testReportDiv1\" style=\"display: none;\"></div>\\n\\","utility2-comment -->\\n\\","\\n\\","\\n\\","\\n\\","<label>stderr and stdout</label>\\n\\","<textarea class=\"resettable\" id=\"outputTextareaStdout1\" readonly></textarea>\\n\\","<!-- utility2-comment\\n\\","{{#if isRollup}}\\n\\","<script src=\"assets.app.js\"></script>\\n\\","{{#unless isRollup}}\\n\\","utility2-comment -->\\n\\","<script src=\"assets.utility2.rollup.js\"></script>\\n\\","<script src=\"jsonp.utility2._stateInit?callback=window.utility2._stateInit\"></script>\\n\\","<script src=\"assets.npmtest_sass_convert.rollup.js\"></script>\\n\\","<script src=\"assets.example.js\"></script>\\n\\","<script src=\"assets.test.js\"></script>\\n\\","<!-- utility2-comment\\n\\","{{/if isRollup}}\\n\\","utility2-comment -->\\n\\","<div class=\"utility2FooterDiv\">\\n\\","    [ this app was created with\\n\\","    <a href=\"https://github.com/kaizhu256/node-utility2\" target=\"_blank\">utility2</a>\\n\\","    ]\\n\\","</div>\\n\\","</body>\\n\\","</html>\\n\\","';","        /* jslint-ignore-end */","        if (local.templateRender) {","            local.assetsDict['/'] = local.templateRender(","                local.assetsDict['/assets.index.template.html'],","                {","                    env: local.objectSetDefault(local.env, {","                        npm_package_description: 'the greatest app in the world!',","                        npm_package_name: 'my-app',","                        npm_package_nameAlias: 'my_app',","                        npm_package_version: '0.0.1'","                    })","                }","            );","        } else {","            local.assetsDict['/'] = local.assetsDict['/assets.index.template.html']","                .replace((/\\{\\{env\\.(\\w+?)\\}\\}/g), function (match0, match1) {","                    // jslint-hack","                    String(match0);","                    switch (match1) {","                    case 'npm_package_description':","                        return 'the greatest app in the world!';","                    case 'npm_package_name':","                        return 'my-app';","                    case 'npm_package_nameAlias':","                        return 'my_app';","                    case 'npm_package_version':","                        return '0.0.1';","                    }","                });","        }","        // run the cli","        if (local.global.utility2_rollup || module !== require.main) {","            break;","        }","        local.assetsDict['/assets.example.js'] =","            local.assetsDict['/assets.example.js'] ||","            local.fs.readFileSync(__filename, 'utf8');","        // bug-workaround - long $npm_package_buildCustomOrg","        /* jslint-ignore-begin */","        local.assetsDict['/assets.npmtest_sass_convert.rollup.js'] =","            local.assetsDict['/assets.npmtest_sass_convert.rollup.js'] ||","            local.fs.readFileSync(","                local.npmtest_sass_convert.__dirname + '/lib.npmtest_sass_convert.js',","                'utf8'","            ).replace((/^#!/), '//');","        /* jslint-ignore-end */","        local.assetsDict['/favicon.ico'] = local.assetsDict['/favicon.ico'] || '';","        // if $npm_config_timeout_exit exists,","        // then exit this process after $npm_config_timeout_exit ms","        if (Number(process.env.npm_config_timeout_exit)) {","            setTimeout(process.exit, Number(process.env.npm_config_timeout_exit));","        }","        // start server","        if (local.global.utility2_serverHttp1) {","            break;","        }","        process.env.PORT = process.env.PORT || '8081';","        console.error('server starting on port ' + process.env.PORT);","        local.http.createServer(function (request, response) {","            request.urlParsed = local.url.parse(request.url);","            if (local.assetsDict[request.urlParsed.pathname] !== undefined) {","                response.end(local.assetsDict[request.urlParsed.pathname]);","                return;","            }","            response.statusCode = 404;","            response.end();","        }).listen(process.env.PORT);","        break;","    }","}());",""],"l":{"26":2,"28":2,"33":2,"35":2,"37":2,"38":2,"39":2,"44":1,"51":2,"55":2,"59":2,"61":2,"69":1,"70":2,"76":2,"79":2,"82":2,"83":2,"85":1,"89":2,"92":1,"93":1,"94":1,"96":1,"97":1,"100":1,"101":1,"103":1,"106":1,"108":2,"114":1,"116":1,"118":1,"123":1,"124":2,"125":2,"126":3,"127":3,"128":3,"129":3,"130":1,"133":3,"134":3,"139":3,"143":1,"144":3,"145":1,"149":1,"150":1,"158":1,"160":1,"161":1,"162":1,"164":1,"166":1,"258":1,"259":1,"271":1,"274":6,"275":6,"277":1,"279":2,"281":1,"283":2,"288":1,"289":1,"291":1,"296":1,"303":1,"306":1,"307":1,"310":1,"311":1,"313":1,"314":1,"315":1,"316":1,"317":1,"318":1,"319":1,"321":1,"322":1,"324":1}},"/home/travis/build/npmtest/node-npmtest-sass-convert/node_modules/sass-convert/index.js":{"path":"/home/travis/build/npmtest/node-npmtest-sass-convert/node_modules/sass-convert/index.js","s":{"1":1},"b":{},"f":{},"fnMap":{},"statementMap":{"1":{"start":{"line":3,"column":0},"end":{"line":3,"column":35}}},"branchMap":{},"code":["'use strict';","","module.exports = require('./dist');",""],"l":{"3":1}},"/home/travis/build/npmtest/node-npmtest-sass-convert/node_modules/sass-convert/dist/index.js":{"path":"/home/travis/build/npmtest/node-npmtest-sass-convert/node_modules/sass-convert/dist/index.js","s":{"1":1,"2":1,"3":1,"4":5,"5":5,"6":5,"7":5,"8":5,"9":5,"10":5,"11":5,"12":4,"13":5,"14":1,"15":1,"16":1,"17":1,"18":0,"19":1,"20":0,"21":0,"22":5,"23":1,"24":1,"25":1,"26":1,"27":0,"28":1,"29":1,"30":1,"31":2,"32":2,"33":2,"34":2,"35":2,"36":0,"37":2,"38":1,"39":2,"40":2,"41":2,"42":0,"43":2,"44":1,"45":0,"46":0,"47":0,"48":0,"49":0,"50":0,"51":0,"52":0,"53":0,"54":0,"55":0,"56":0,"57":0,"58":0,"59":0,"60":0,"61":0,"62":0,"63":0,"64":0,"65":0,"66":0,"67":0,"68":0,"69":1,"70":11,"71":1,"72":0,"73":0,"74":1,"75":2,"76":0,"77":2,"78":2,"79":2,"80":1,"81":1,"82":1,"83":1,"84":1,"85":1,"86":1,"87":1,"88":1,"89":1,"90":1,"91":1,"92":1,"93":1,"94":1,"95":1,"96":1,"97":1,"98":1,"99":1,"100":1,"101":1,"102":1,"103":1,"104":1,"105":1,"106":1,"107":1,"108":1,"109":0,"110":0,"111":0,"112":0,"113":0,"114":0,"115":0,"116":0,"117":0,"118":0,"119":1,"120":1,"121":1,"122":0,"123":0,"124":0,"125":1,"126":0,"127":1,"128":1,"129":1,"130":1,"131":0,"132":0,"133":0,"134":1,"135":0,"136":1,"137":1,"138":1,"139":0,"140":0,"141":1,"142":0,"143":0,"144":0,"145":0,"146":0,"147":1,"148":0,"149":0,"150":0,"151":0,"152":0,"153":0,"154":0,"155":1,"156":0,"157":0,"158":0,"159":1,"160":1,"161":0,"162":0,"163":0,"164":0,"165":1,"166":0,"167":0,"168":0,"169":0,"170":0,"171":0,"172":0,"173":0,"174":0,"175":0,"176":0,"177":0,"178":0,"179":0,"180":0,"181":0,"182":0,"183":0,"184":0,"185":0,"186":0,"187":0,"188":0,"189":0,"190":0,"191":0,"192":0,"193":0,"194":0,"195":0,"196":0,"197":0,"198":0,"199":0,"200":0,"201":0,"202":0,"203":0,"204":0,"205":0,"206":0,"207":0,"208":0,"209":0,"210":0,"211":1,"212":1,"213":0,"214":1,"215":1},"b":{"1":[5,5],"2":[4,1],"3":[5,1],"4":[1,4],"5":[1,0],"6":[1,0],"7":[0,1],"8":[1,0],"9":[0,1],"10":[2,2],"11":[0,2],"12":[2,0],"13":[0,2],"14":[0,0],"15":[0,0],"16":[0,0],"17":[0,0],"18":[0,0],"19":[0,11],"20":[11,11],"21":[0,0],"22":[0,2],"23":[2,0],"24":[2,2],"25":[2,0],"26":[2,0],"27":[0,0],"28":[0,0],"29":[0,0],"30":[0,0],"31":[0,0],"32":[0,0],"33":[0,0],"34":[0,0],"35":[0,0,0],"36":[0,0],"37":[0,0],"38":[0,0],"39":[0,0],"40":[0,0],"41":[0,0],"42":[0,0]},"f":{"1":1,"2":1,"3":1,"4":1,"5":2,"6":2,"7":0,"8":11,"9":0,"10":2,"11":0,"12":0,"13":0,"14":1,"15":0,"16":0,"17":1,"18":0,"19":0,"20":0,"21":0,"22":0,"23":0,"24":0,"25":0,"26":0,"27":0,"28":0,"29":0,"30":0,"31":1,"32":0,"33":0,"34":0,"35":0,"36":0,"37":0,"38":0,"39":0,"40":0,"41":0,"42":0,"43":0,"44":0,"45":0,"46":0},"fnMap":{"1":{"name":"(anonymous_1)","line":5,"loc":{"start":{"line":5,"column":29},"end":{"line":5,"column":41}},"skip":true},"2":{"name":"defineProperties","line":5,"loc":{"start":{"line":5,"column":43},"end":{"line":5,"column":104}},"skip":true},"3":{"name":"(anonymous_3)","line":5,"loc":{"start":{"line":5,"column":948},"end":{"line":5,"column":1035}},"skip":true},"4":{"name":"(anonymous_4)","line":9,"loc":{"start":{"line":9,"column":20},"end":{"line":9,"column":32}},"skip":true},"5":{"name":"defineProperties","line":9,"loc":{"start":{"line":9,"column":34},"end":{"line":9,"column":75}},"skip":true},"6":{"name":"(anonymous_6)","line":9,"loc":{"start":{"line":9,"column":358},"end":{"line":9,"column":406}},"skip":true},"7":{"name":"get","line":13,"loc":{"start":{"line":13,"column":11},"end":{"line":13,"column":39}},"skip":true},"8":{"name":"_interopRequireDefault","line":17,"loc":{"start":{"line":17,"column":0},"end":{"line":17,"column":37}},"skip":true},"9":{"name":"_classCallCheck","line":21,"loc":{"start":{"line":21,"column":0},"end":{"line":21,"column":48}},"skip":true},"10":{"name":"_inherits","line":25,"loc":{"start":{"line":25,"column":0},"end":{"line":25,"column":41}},"skip":true},"11":{"name":"execp","line":89,"loc":{"start":{"line":89,"column":0},"end":{"line":89,"column":24}}},"12":{"name":"(anonymous_12)","line":96,"loc":{"start":{"line":96,"column":33},"end":{"line":96,"column":60}}},"13":{"name":"(anonymous_13)","line":97,"loc":{"start":{"line":97,"column":14},"end":{"line":97,"column":45}}},"14":{"name":"(anonymous_14)","line":121,"loc":{"start":{"line":121,"column":19},"end":{"line":121,"column":37}}},"15":{"name":"BinaryError","line":124,"loc":{"start":{"line":124,"column":2},"end":{"line":124,"column":32}}},"16":{"name":"get","line":140,"loc":{"start":{"line":140,"column":9},"end":{"line":140,"column":24}}},"17":{"name":"(anonymous_17)","line":148,"loc":{"start":{"line":148,"column":20},"end":{"line":148,"column":39}}},"18":{"name":"VersionError","line":151,"loc":{"start":{"line":151,"column":2},"end":{"line":151,"column":33}}},"19":{"name":"get","line":169,"loc":{"start":{"line":169,"column":9},"end":{"line":169,"column":24}}},"20":{"name":"checkBinary","line":177,"loc":{"start":{"line":177,"column":0},"end":{"line":177,"column":26}}},"21":{"name":"checkVersion","line":185,"loc":{"start":{"line":185,"column":2},"end":{"line":185,"column":29}}},"22":{"name":"checkGlobal","line":195,"loc":{"start":{"line":195,"column":2},"end":{"line":195,"column":25}}},"23":{"name":"(anonymous_23)","line":196,"loc":{"start":{"line":196,"column":28},"end":{"line":196,"column":40}}},"24":{"name":"(anonymous_24)","line":198,"loc":{"start":{"line":198,"column":7},"end":{"line":198,"column":19}}},"25":{"name":"(anonymous_25)","line":200,"loc":{"start":{"line":200,"column":12},"end":{"line":200,"column":27}}},"26":{"name":"checkBundle","line":212,"loc":{"start":{"line":212,"column":2},"end":{"line":212,"column":25}}},"27":{"name":"(anonymous_27)","line":213,"loc":{"start":{"line":213,"column":33},"end":{"line":213,"column":45}}},"28":{"name":"(anonymous_28)","line":215,"loc":{"start":{"line":215,"column":12},"end":{"line":215,"column":27}}},"29":{"name":"(anonymous_29)","line":220,"loc":{"start":{"line":220,"column":7},"end":{"line":220,"column":22}}},"30":{"name":"checkBinaryCache","line":233,"loc":{"start":{"line":233,"column":0},"end":{"line":233,"column":28}}},"31":{"name":"(anonymous_31)","line":241,"loc":{"start":{"line":241,"column":17},"end":{"line":241,"column":29}}},"32":{"name":"Converter","line":242,"loc":{"start":{"line":242,"column":2},"end":{"line":242,"column":23}}},"33":{"name":"isTransformable","line":266,"loc":{"start":{"line":266,"column":11},"end":{"line":266,"column":42}}},"34":{"name":"convertFile","line":280,"loc":{"start":{"line":280,"column":11},"end":{"line":280,"column":43}}},"35":{"name":"(anonymous_35)","line":290,"loc":{"start":{"line":290,"column":55},"end":{"line":290,"column":71}}},"36":{"name":"(anonymous_36)","line":294,"loc":{"start":{"line":294,"column":55},"end":{"line":294,"column":71}}},"37":{"name":"(anonymous_37)","line":298,"loc":{"start":{"line":298,"column":37},"end":{"line":298,"column":64}}},"38":{"name":"(anonymous_38)","line":301,"loc":{"start":{"line":301,"column":26},"end":{"line":301,"column":50}}},"39":{"name":"rename","line":321,"loc":{"start":{"line":321,"column":11},"end":{"line":321,"column":33}}},"40":{"name":"stream","line":338,"loc":{"start":{"line":338,"column":11},"end":{"line":338,"column":29}}},"41":{"name":"(anonymous_41)","line":341,"loc":{"start":{"line":341,"column":39},"end":{"line":341,"column":64}}},"42":{"name":"(anonymous_42)","line":350,"loc":{"start":{"line":350,"column":32},"end":{"line":350,"column":47}}},"43":{"name":"(anonymous_43)","line":354,"loc":{"start":{"line":354,"column":16},"end":{"line":354,"column":34}}},"44":{"name":"(anonymous_44)","line":359,"loc":{"start":{"line":359,"column":11},"end":{"line":359,"column":26}}},"45":{"name":"get","line":377,"loc":{"start":{"line":377,"column":9},"end":{"line":377,"column":24}}},"46":{"name":"(anonymous_46)","line":398,"loc":{"start":{"line":398,"column":17},"end":{"line":398,"column":36}}}},"statementMap":{"1":{"start":{"line":5,"column":0},"end":{"line":5,"column":1234},"skip":true},"2":{"start":{"line":5,"column":43},"end":{"line":5,"column":940},"skip":true},"3":{"start":{"line":5,"column":106},"end":{"line":5,"column":938},"skip":true},"4":{"start":{"line":5,"column":153},"end":{"line":5,"column":185},"skip":true},"5":{"start":{"line":5,"column":186},"end":{"line":5,"column":225},"skip":true},"6":{"start":{"line":5,"column":226},"end":{"line":5,"column":251},"skip":true},"7":{"start":{"line":5,"column":252},"end":{"line":5,"column":274},"skip":true},"8":{"start":{"line":5,"column":275},"end":{"line":5,"column":304},"skip":true},"9":{"start":{"line":5,"column":305},"end":{"line":5,"column":360},"skip":true},"10":{"start":{"line":5,"column":361},"end":{"line":5,"column":392},"skip":true},"11":{"start":{"line":5,"column":393},"end":{"line":5,"column":473},"skip":true},"12":{"start":{"line":5,"column":446},"end":{"line":5,"column":473},"skip":true},"13":{"start":{"line":5,"column":474},"end":{"line":5,"column":888},"skip":true},"14":{"start":{"line":5,"column":492},"end":{"line":5,"column":798},"skip":true},"15":{"start":{"line":5,"column":538},"end":{"line":5,"column":568},"skip":true},"16":{"start":{"line":5,"column":569},"end":{"line":5,"column":796},"skip":true},"17":{"start":{"line":5,"column":608},"end":{"line":5,"column":670},"skip":true},"18":{"start":{"line":5,"column":680},"end":{"line":5,"column":794},"skip":true},"19":{"start":{"line":5,"column":799},"end":{"line":5,"column":886},"skip":true},"20":{"start":{"line":5,"column":843},"end":{"line":5,"column":874},"skip":true},"21":{"start":{"line":5,"column":875},"end":{"line":5,"column":884},"skip":true},"22":{"start":{"line":5,"column":889},"end":{"line":5,"column":936},"skip":true},"23":{"start":{"line":5,"column":941},"end":{"line":5,"column":1228},"skip":true},"24":{"start":{"line":5,"column":1037},"end":{"line":5,"column":1124},"skip":true},"25":{"start":{"line":5,"column":1053},"end":{"line":5,"column":1124},"skip":true},"26":{"start":{"line":5,"column":1125},"end":{"line":5,"column":1205},"skip":true},"27":{"start":{"line":5,"column":1142},"end":{"line":5,"column":1205},"skip":true},"28":{"start":{"line":5,"column":1206},"end":{"line":5,"column":1225},"skip":true},"29":{"start":{"line":9,"column":0},"end":{"line":9,"column":566},"skip":true},"30":{"start":{"line":9,"column":34},"end":{"line":9,"column":350},"skip":true},"31":{"start":{"line":9,"column":77},"end":{"line":9,"column":348},"skip":true},"32":{"start":{"line":9,"column":118},"end":{"line":9,"column":144},"skip":true},"33":{"start":{"line":9,"column":145},"end":{"line":9,"column":200},"skip":true},"34":{"start":{"line":9,"column":201},"end":{"line":9,"column":232},"skip":true},"35":{"start":{"line":9,"column":233},"end":{"line":9,"column":287},"skip":true},"36":{"start":{"line":9,"column":260},"end":{"line":9,"column":287},"skip":true},"37":{"start":{"line":9,"column":288},"end":{"line":9,"column":346},"skip":true},"38":{"start":{"line":9,"column":351},"end":{"line":9,"column":560},"skip":true},"39":{"start":{"line":9,"column":408},"end":{"line":9,"column":476},"skip":true},"40":{"start":{"line":9,"column":424},"end":{"line":9,"column":476},"skip":true},"41":{"start":{"line":9,"column":477},"end":{"line":9,"column":537},"skip":true},"42":{"start":{"line":9,"column":494},"end":{"line":9,"column":537},"skip":true},"43":{"start":{"line":9,"column":538},"end":{"line":9,"column":557},"skip":true},"44":{"start":{"line":13,"column":0},"end":{"line":13,"column":670},"skip":true},"45":{"start":{"line":13,"column":41},"end":{"line":13,"column":59},"skip":true},"46":{"start":{"line":13,"column":60},"end":{"line":13,"column":667},"skip":true},"47":{"start":{"line":13,"column":71},"end":{"line":13,"column":667},"skip":true},"48":{"start":{"line":13,"column":88},"end":{"line":13,"column":137},"skip":true},"49":{"start":{"line":13,"column":138},"end":{"line":13,"column":173},"skip":true},"50":{"start":{"line":13,"column":174},"end":{"line":13,"column":189},"skip":true},"51":{"start":{"line":13,"column":190},"end":{"line":13,"column":239},"skip":true},"52":{"start":{"line":13,"column":211},"end":{"line":13,"column":239},"skip":true},"53":{"start":{"line":13,"column":240},"end":{"line":13,"column":301},"skip":true},"54":{"start":{"line":13,"column":302},"end":{"line":13,"column":665},"skip":true},"55":{"start":{"line":13,"column":328},"end":{"line":13,"column":371},"skip":true},"56":{"start":{"line":13,"column":372},"end":{"line":13,"column":504},"skip":true},"57":{"start":{"line":13,"column":395},"end":{"line":13,"column":412},"skip":true},"58":{"start":{"line":13,"column":422},"end":{"line":13,"column":435},"skip":true},"59":{"start":{"line":13,"column":436},"end":{"line":13,"column":451},"skip":true},"60":{"start":{"line":13,"column":452},"end":{"line":13,"column":467},"skip":true},"61":{"start":{"line":13,"column":468},"end":{"line":13,"column":482},"skip":true},"62":{"start":{"line":13,"column":483},"end":{"line":13,"column":502},"skip":true},"63":{"start":{"line":13,"column":512},"end":{"line":13,"column":665},"skip":true},"64":{"start":{"line":13,"column":535},"end":{"line":13,"column":553},"skip":true},"65":{"start":{"line":13,"column":563},"end":{"line":13,"column":585},"skip":true},"66":{"start":{"line":13,"column":586},"end":{"line":13,"column":633},"skip":true},"67":{"start":{"line":13,"column":614},"end":{"line":13,"column":631},"skip":true},"68":{"start":{"line":13,"column":634},"end":{"line":13,"column":663},"skip":true},"69":{"start":{"line":17,"column":0},"end":{"line":17,"column":97},"skip":true},"70":{"start":{"line":17,"column":39},"end":{"line":17,"column":95},"skip":true},"71":{"start":{"line":21,"column":0},"end":{"line":21,"column":153},"skip":true},"72":{"start":{"line":21,"column":50},"end":{"line":21,"column":151},"skip":true},"73":{"start":{"line":21,"column":92},"end":{"line":21,"column":149},"skip":true},"74":{"start":{"line":25,"column":0},"end":{"line":25,"column":494},"skip":true},"75":{"start":{"line":25,"column":43},"end":{"line":25,"column":208},"skip":true},"76":{"start":{"line":25,"column":106},"end":{"line":25,"column":206},"skip":true},"77":{"start":{"line":25,"column":209},"end":{"line":25,"column":373},"skip":true},"78":{"start":{"line":25,"column":374},"end":{"line":25,"column":492},"skip":true},"79":{"start":{"line":25,"column":390},"end":{"line":25,"column":492},"skip":true},"80":{"start":{"line":27,"column":0},"end":{"line":27,"column":28}},"81":{"start":{"line":29,"column":0},"end":{"line":29,"column":43}},"82":{"start":{"line":31,"column":0},"end":{"line":31,"column":46}},"83":{"start":{"line":33,"column":0},"end":{"line":33,"column":32}},"84":{"start":{"line":35,"column":0},"end":{"line":35,"column":47}},"85":{"start":{"line":37,"column":0},"end":{"line":37,"column":43}},"86":{"start":{"line":39,"column":0},"end":{"line":39,"column":57}},"87":{"start":{"line":41,"column":0},"end":{"line":41,"column":30}},"88":{"start":{"line":43,"column":0},"end":{"line":43,"column":45}},"89":{"start":{"line":45,"column":0},"end":{"line":45,"column":36}},"90":{"start":{"line":47,"column":0},"end":{"line":47,"column":51}},"91":{"start":{"line":49,"column":0},"end":{"line":49,"column":45}},"92":{"start":{"line":51,"column":0},"end":{"line":51,"column":59}},"93":{"start":{"line":53,"column":0},"end":{"line":53,"column":30}},"94":{"start":{"line":55,"column":0},"end":{"line":55,"column":45}},"95":{"start":{"line":57,"column":0},"end":{"line":57,"column":45}},"96":{"start":{"line":59,"column":0},"end":{"line":59,"column":59}},"97":{"start":{"line":61,"column":0},"end":{"line":61,"column":37}},"98":{"start":{"line":63,"column":0},"end":{"line":63,"column":51}},"99":{"start":{"line":65,"column":0},"end":{"line":65,"column":53}},"100":{"start":{"line":67,"column":0},"end":{"line":67,"column":67}},"101":{"start":{"line":69,"column":0},"end":{"line":69,"column":41}},"102":{"start":{"line":71,"column":0},"end":{"line":71,"column":45}},"103":{"start":{"line":73,"column":0},"end":{"line":73,"column":59}},"104":{"start":{"line":75,"column":0},"end":{"line":75,"column":69}},"105":{"start":{"line":76,"column":0},"end":{"line":76,"column":44}},"106":{"start":{"line":78,"column":0},"end":{"line":78,"column":25}},"107":{"start":{"line":79,"column":0},"end":{"line":79,"column":24}},"108":{"start":{"line":89,"column":0},"end":{"line":113,"column":1}},"109":{"start":{"line":90,"column":2},"end":{"line":92,"column":3}},"110":{"start":{"line":91,"column":4},"end":{"line":91,"column":37}},"111":{"start":{"line":94,"column":2},"end":{"line":94,"column":31}},"112":{"start":{"line":96,"column":2},"end":{"line":112,"column":5}},"113":{"start":{"line":97,"column":4},"end":{"line":109,"column":7}},"114":{"start":{"line":98,"column":6},"end":{"line":108,"column":7}},"115":{"start":{"line":99,"column":8},"end":{"line":103,"column":11}},"116":{"start":{"line":105,"column":8},"end":{"line":105,"column":20}},"117":{"start":{"line":107,"column":8},"end":{"line":107,"column":80}},"118":{"start":{"line":111,"column":4},"end":{"line":111,"column":80}},"119":{"start":{"line":121,"column":0},"end":{"line":146,"column":10}},"120":{"start":{"line":122,"column":2},"end":{"line":122,"column":33}},"121":{"start":{"line":124,"column":2},"end":{"line":130,"column":3}},"122":{"start":{"line":125,"column":4},"end":{"line":125,"column":39}},"123":{"start":{"line":127,"column":4},"end":{"line":127,"column":96}},"124":{"start":{"line":129,"column":4},"end":{"line":129,"column":100}},"125":{"start":{"line":138,"column":2},"end":{"line":143,"column":6}},"126":{"start":{"line":141,"column":6},"end":{"line":141,"column":27}},"127":{"start":{"line":145,"column":2},"end":{"line":145,"column":21}},"128":{"start":{"line":148,"column":0},"end":{"line":175,"column":10}},"129":{"start":{"line":149,"column":2},"end":{"line":149,"column":35}},"130":{"start":{"line":151,"column":2},"end":{"line":157,"column":3}},"131":{"start":{"line":152,"column":4},"end":{"line":152,"column":40}},"132":{"start":{"line":154,"column":4},"end":{"line":154,"column":97}},"133":{"start":{"line":156,"column":4},"end":{"line":156,"column":82}},"134":{"start":{"line":167,"column":2},"end":{"line":172,"column":6}},"135":{"start":{"line":170,"column":6},"end":{"line":170,"column":28}},"136":{"start":{"line":174,"column":2},"end":{"line":174,"column":22}},"137":{"start":{"line":177,"column":0},"end":{"line":226,"column":1}},"138":{"start":{"line":185,"column":2},"end":{"line":188,"column":3}},"139":{"start":{"line":186,"column":4},"end":{"line":186,"column":64}},"140":{"start":{"line":187,"column":4},"end":{"line":187,"column":59}},"141":{"start":{"line":195,"column":2},"end":{"line":205,"column":3}},"142":{"start":{"line":196,"column":4},"end":{"line":204,"column":7}},"143":{"start":{"line":197,"column":6},"end":{"line":197,"column":32}},"144":{"start":{"line":199,"column":6},"end":{"line":199,"column":30}},"145":{"start":{"line":201,"column":6},"end":{"line":203,"column":7}},"146":{"start":{"line":202,"column":8},"end":{"line":202,"column":33}},"147":{"start":{"line":212,"column":2},"end":{"line":223,"column":3}},"148":{"start":{"line":213,"column":4},"end":{"line":222,"column":7}},"149":{"start":{"line":214,"column":6},"end":{"line":214,"column":49}},"150":{"start":{"line":216,"column":6},"end":{"line":218,"column":7}},"151":{"start":{"line":217,"column":8},"end":{"line":217,"column":33}},"152":{"start":{"line":219,"column":6},"end":{"line":219,"column":31}},"153":{"start":{"line":221,"column":6},"end":{"line":221,"column":30}},"154":{"start":{"line":225,"column":2},"end":{"line":225,"column":45}},"155":{"start":{"line":233,"column":0},"end":{"line":239,"column":1}},"156":{"start":{"line":234,"column":2},"end":{"line":236,"column":3}},"157":{"start":{"line":235,"column":4},"end":{"line":235,"column":48}},"158":{"start":{"line":238,"column":2},"end":{"line":238,"column":34}},"159":{"start":{"line":241,"column":0},"end":{"line":396,"column":5}},"160":{"start":{"line":242,"column":2},"end":{"line":249,"column":3}},"161":{"start":{"line":243,"column":4},"end":{"line":243,"column":90}},"162":{"start":{"line":245,"column":4},"end":{"line":245,"column":37}},"163":{"start":{"line":247,"column":4},"end":{"line":247,"column":27}},"164":{"start":{"line":248,"column":4},"end":{"line":248,"column":25}},"165":{"start":{"line":257,"column":2},"end":{"line":393,"column":6}},"166":{"start":{"line":267,"column":6},"end":{"line":267,"column":53}},"167":{"start":{"line":268,"column":6},"end":{"line":268,"column":104}},"168":{"start":{"line":281,"column":6},"end":{"line":281,"column":34}},"169":{"start":{"line":282,"column":6},"end":{"line":282,"column":29}},"170":{"start":{"line":283,"column":6},"end":{"line":283,"column":31}},"171":{"start":{"line":285,"column":6},"end":{"line":285,"column":55}},"172":{"start":{"line":286,"column":6},"end":{"line":286,"column":22}},"173":{"start":{"line":288,"column":6},"end":{"line":288,"column":29}},"174":{"start":{"line":290,"column":6},"end":{"line":292,"column":10}},"175":{"start":{"line":291,"column":8},"end":{"line":291,"column":29}},"176":{"start":{"line":294,"column":6},"end":{"line":296,"column":10}},"177":{"start":{"line":295,"column":8},"end":{"line":295,"column":29}},"178":{"start":{"line":298,"column":6},"end":{"line":311,"column":9}},"179":{"start":{"line":299,"column":8},"end":{"line":299,"column":34}},"180":{"start":{"line":301,"column":8},"end":{"line":310,"column":11}},"181":{"start":{"line":302,"column":10},"end":{"line":309,"column":11}},"182":{"start":{"line":303,"column":12},"end":{"line":303,"column":90}},"183":{"start":{"line":304,"column":12},"end":{"line":304,"column":88}},"184":{"start":{"line":306,"column":12},"end":{"line":306,"column":69}},"185":{"start":{"line":308,"column":12},"end":{"line":308,"column":28}},"186":{"start":{"line":322,"column":6},"end":{"line":324,"column":7}},"187":{"start":{"line":323,"column":8},"end":{"line":323,"column":15}},"188":{"start":{"line":326,"column":6},"end":{"line":326,"column":53}},"189":{"start":{"line":327,"column":6},"end":{"line":327,"column":64}},"190":{"start":{"line":339,"column":6},"end":{"line":339,"column":22}},"191":{"start":{"line":341,"column":6},"end":{"line":372,"column":9}},"192":{"start":{"line":342,"column":8},"end":{"line":342,"column":26}},"193":{"start":{"line":344,"column":8},"end":{"line":347,"column":9}},"194":{"start":{"line":346,"column":10},"end":{"line":346,"column":32}},"195":{"start":{"line":350,"column":8},"end":{"line":371,"column":11}},"196":{"start":{"line":351,"column":10},"end":{"line":351,"column":51}},"197":{"start":{"line":353,"column":10},"end":{"line":353,"column":45}},"198":{"start":{"line":355,"column":10},"end":{"line":355,"column":52}},"199":{"start":{"line":356,"column":10},"end":{"line":356,"column":28}},"200":{"start":{"line":358,"column":10},"end":{"line":358,"column":25}},"201":{"start":{"line":360,"column":10},"end":{"line":360,"column":36}},"202":{"start":{"line":362,"column":10},"end":{"line":366,"column":11}},"203":{"start":{"line":365,"column":12},"end":{"line":365,"column":24}},"204":{"start":{"line":369,"column":10},"end":{"line":369,"column":27}},"205":{"start":{"line":370,"column":10},"end":{"line":370,"column":29}},"206":{"start":{"line":378,"column":6},"end":{"line":378,"column":70}},"207":{"start":{"line":381,"column":6},"end":{"line":384,"column":9}},"208":{"start":{"line":387,"column":6},"end":{"line":387,"column":124}},"209":{"start":{"line":389,"column":6},"end":{"line":389,"column":74}},"210":{"start":{"line":391,"column":6},"end":{"line":391,"column":38}},"211":{"start":{"line":395,"column":2},"end":{"line":395,"column":19}},"212":{"start":{"line":398,"column":0},"end":{"line":400,"column":2}},"213":{"start":{"line":399,"column":2},"end":{"line":399,"column":41}},"214":{"start":{"line":403,"column":0},"end":{"line":403,"column":41}},"215":{"start":{"line":404,"column":0},"end":{"line":404,"column":43}}},"branchMap":{"1":{"line":5,"type":"binary-expr","locations":[{"start":{"line":5,"column":329},"end":{"line":5,"column":350},"skip":true},{"start":{"line":5,"column":354},"end":{"line":5,"column":359},"skip":true}]},"2":{"line":5,"type":"if","locations":[{"start":{"line":5,"column":393},"end":{"line":5,"column":393},"skip":true},{"start":{"line":5,"column":393},"end":{"line":5,"column":393},"skip":true}]},"3":{"line":5,"type":"binary-expr","locations":[{"start":{"line":5,"column":397},"end":{"line":5,"column":418},"skip":true},{"start":{"line":5,"column":422},"end":{"line":5,"column":444},"skip":true}]},"4":{"line":5,"type":"if","locations":[{"start":{"line":5,"column":474},"end":{"line":5,"column":474},"skip":true},{"start":{"line":5,"column":474},"end":{"line":5,"column":474},"skip":true}]},"5":{"line":5,"type":"if","locations":[{"start":{"line":5,"column":569},"end":{"line":5,"column":569},"skip":true},{"start":{"line":5,"column":569},"end":{"line":5,"column":569},"skip":true}]},"6":{"line":5,"type":"binary-expr","locations":[{"start":{"line":5,"column":621},"end":{"line":5,"column":655},"skip":true},{"start":{"line":5,"column":659},"end":{"line":5,"column":669},"skip":true}]},"7":{"line":5,"type":"if","locations":[{"start":{"line":5,"column":799},"end":{"line":5,"column":799},"skip":true},{"start":{"line":5,"column":799},"end":{"line":5,"column":799},"skip":true}]},"8":{"line":5,"type":"if","locations":[{"start":{"line":5,"column":1037},"end":{"line":5,"column":1037},"skip":true},{"start":{"line":5,"column":1037},"end":{"line":5,"column":1037},"skip":true}]},"9":{"line":5,"type":"if","locations":[{"start":{"line":5,"column":1125},"end":{"line":5,"column":1125},"skip":true},{"start":{"line":5,"column":1125},"end":{"line":5,"column":1125},"skip":true}]},"10":{"line":9,"type":"binary-expr","locations":[{"start":{"line":9,"column":169},"end":{"line":9,"column":190},"skip":true},{"start":{"line":9,"column":194},"end":{"line":9,"column":199},"skip":true}]},"11":{"line":9,"type":"if","locations":[{"start":{"line":9,"column":233},"end":{"line":9,"column":233},"skip":true},{"start":{"line":9,"column":233},"end":{"line":9,"column":233},"skip":true}]},"12":{"line":9,"type":"if","locations":[{"start":{"line":9,"column":408},"end":{"line":9,"column":408},"skip":true},{"start":{"line":9,"column":408},"end":{"line":9,"column":408},"skip":true}]},"13":{"line":9,"type":"if","locations":[{"start":{"line":9,"column":477},"end":{"line":9,"column":477},"skip":true},{"start":{"line":9,"column":477},"end":{"line":9,"column":477},"skip":true}]},"14":{"line":13,"type":"if","locations":[{"start":{"line":13,"column":190},"end":{"line":13,"column":190},"skip":true},{"start":{"line":13,"column":190},"end":{"line":13,"column":190},"skip":true}]},"15":{"line":13,"type":"if","locations":[{"start":{"line":13,"column":302},"end":{"line":13,"column":302},"skip":true},{"start":{"line":13,"column":302},"end":{"line":13,"column":302},"skip":true}]},"16":{"line":13,"type":"if","locations":[{"start":{"line":13,"column":372},"end":{"line":13,"column":372},"skip":true},{"start":{"line":13,"column":372},"end":{"line":13,"column":372},"skip":true}]},"17":{"line":13,"type":"if","locations":[{"start":{"line":13,"column":512},"end":{"line":13,"column":512},"skip":true},{"start":{"line":13,"column":512},"end":{"line":13,"column":512},"skip":true}]},"18":{"line":13,"type":"if","locations":[{"start":{"line":13,"column":586},"end":{"line":13,"column":586},"skip":true},{"start":{"line":13,"column":586},"end":{"line":13,"column":586},"skip":true}]},"19":{"line":17,"type":"cond-expr","locations":[{"start":{"line":17,"column":70},"end":{"line":17,"column":73},"skip":true},{"start":{"line":17,"column":76},"end":{"line":17,"column":94},"skip":true}]},"20":{"line":17,"type":"binary-expr","locations":[{"start":{"line":17,"column":46},"end":{"line":17,"column":49},"skip":true},{"start":{"line":17,"column":53},"end":{"line":17,"column":67},"skip":true}]},"21":{"line":21,"type":"if","locations":[{"start":{"line":21,"column":50},"end":{"line":21,"column":50},"skip":true},{"start":{"line":21,"column":50},"end":{"line":21,"column":50},"skip":true}]},"22":{"line":25,"type":"if","locations":[{"start":{"line":25,"column":43},"end":{"line":25,"column":43},"skip":true},{"start":{"line":25,"column":43},"end":{"line":25,"column":43},"skip":true}]},"23":{"line":25,"type":"binary-expr","locations":[{"start":{"line":25,"column":47},"end":{"line":25,"column":79},"skip":true},{"start":{"line":25,"column":83},"end":{"line":25,"column":102},"skip":true}]},"24":{"line":25,"type":"binary-expr","locations":[{"start":{"line":25,"column":244},"end":{"line":25,"column":254},"skip":true},{"start":{"line":25,"column":258},"end":{"line":25,"column":278},"skip":true}]},"25":{"line":25,"type":"if","locations":[{"start":{"line":25,"column":374},"end":{"line":25,"column":374},"skip":true},{"start":{"line":25,"column":374},"end":{"line":25,"column":374},"skip":true}]},"26":{"line":25,"type":"cond-expr","locations":[{"start":{"line":25,"column":414},"end":{"line":25,"column":457},"skip":true},{"start":{"line":25,"column":460},"end":{"line":25,"column":491},"skip":true}]},"27":{"line":98,"type":"if","locations":[{"start":{"line":98,"column":6},"end":{"line":98,"column":6}},{"start":{"line":98,"column":6},"end":{"line":98,"column":6}}]},"28":{"line":129,"type":"binary-expr","locations":[{"start":{"line":129,"column":19},"end":{"line":129,"column":26}},{"start":{"line":129,"column":30},"end":{"line":129,"column":99}}]},"29":{"line":156,"type":"binary-expr","locations":[{"start":{"line":156,"column":19},"end":{"line":156,"column":26}},{"start":{"line":156,"column":30},"end":{"line":156,"column":81}}]},"30":{"line":201,"type":"if","locations":[{"start":{"line":201,"column":6},"end":{"line":201,"column":6}},{"start":{"line":201,"column":6},"end":{"line":201,"column":6}}]},"31":{"line":216,"type":"if","locations":[{"start":{"line":216,"column":6},"end":{"line":216,"column":6}},{"start":{"line":216,"column":6},"end":{"line":216,"column":6}}]},"32":{"line":234,"type":"if","locations":[{"start":{"line":234,"column":2},"end":{"line":234,"column":2}},{"start":{"line":234,"column":2},"end":{"line":234,"column":2}}]},"33":{"line":243,"type":"cond-expr","locations":[{"start":{"line":243,"column":72},"end":{"line":243,"column":74}},{"start":{"line":243,"column":77},"end":{"line":243,"column":89}}]},"34":{"line":243,"type":"binary-expr","locations":[{"start":{"line":243,"column":18},"end":{"line":243,"column":39}},{"start":{"line":243,"column":43},"end":{"line":243,"column":69}}]},"35":{"line":268,"type":"binary-expr","locations":[{"start":{"line":268,"column":14},"end":{"line":268,"column":29}},{"start":{"line":268,"column":33},"end":{"line":268,"column":48}},{"start":{"line":268,"column":53},"end":{"line":268,"column":103}}]},"36":{"line":302,"type":"if","locations":[{"start":{"line":302,"column":10},"end":{"line":302,"column":10}},{"start":{"line":302,"column":10},"end":{"line":302,"column":10}}]},"37":{"line":304,"type":"cond-expr","locations":[{"start":{"line":304,"column":58},"end":{"line":304,"column":82}},{"start":{"line":304,"column":85},"end":{"line":304,"column":87}}]},"38":{"line":322,"type":"if","locations":[{"start":{"line":322,"column":6},"end":{"line":322,"column":6}},{"start":{"line":322,"column":6},"end":{"line":322,"column":6}}]},"39":{"line":344,"type":"if","locations":[{"start":{"line":344,"column":8},"end":{"line":344,"column":8}},{"start":{"line":344,"column":8},"end":{"line":344,"column":8}}]},"40":{"line":351,"type":"cond-expr","locations":[{"start":{"line":351,"column":31},"end":{"line":351,"column":42}},{"start":{"line":351,"column":45},"end":{"line":351,"column":50}}]},"41":{"line":362,"type":"if","locations":[{"start":{"line":362,"column":10},"end":{"line":362,"column":10}},{"start":{"line":362,"column":10},"end":{"line":362,"column":10}}]},"42":{"line":378,"type":"cond-expr","locations":[{"start":{"line":378,"column":32},"end":{"line":378,"column":46}},{"start":{"line":378,"column":49},"end":{"line":378,"column":51}}]}},"code":["'use strict';","","// istanbul ignore next","","var _createDecoratedClass = (function () { function defineProperties(target, descriptors, initializers) { for (var i = 0; i < descriptors.length; i++) { var descriptor = descriptors[i]; var decorators = descriptor.decorators; var key = descriptor.key; delete descriptor.key; delete descriptor.decorators; descriptor.enumerable = descriptor.enumerable || false; descriptor.configurable = true; if ('value' in descriptor || descriptor.initializer) descriptor.writable = true; if (decorators) { for (var f = 0; f < decorators.length; f++) { var decorator = decorators[f]; if (typeof decorator === 'function') { descriptor = decorator(target, key, descriptor) || descriptor; } else { throw new TypeError('The decorator for method ' + descriptor.key + ' is of the invalid type ' + typeof decorator); } } if (descriptor.initializer !== undefined) { initializers[key] = descriptor; continue; } } Object.defineProperty(target, key, descriptor); } } return function (Constructor, protoProps, staticProps, protoInitializers, staticInitializers) { if (protoProps) defineProperties(Constructor.prototype, protoProps, protoInitializers); if (staticProps) defineProperties(Constructor, staticProps, staticInitializers); return Constructor; }; })();","","// istanbul ignore next","","var _createClass = (function () { function defineProperties(target, props) { for (var i = 0; i < props.length; i++) { var descriptor = props[i]; descriptor.enumerable = descriptor.enumerable || false; descriptor.configurable = true; if ('value' in descriptor) descriptor.writable = true; Object.defineProperty(target, descriptor.key, descriptor); } } return function (Constructor, protoProps, staticProps) { if (protoProps) defineProperties(Constructor.prototype, protoProps); if (staticProps) defineProperties(Constructor, staticProps); return Constructor; }; })();","","// istanbul ignore next","","var _get = function get(_x2, _x3, _x4) { var _again = true; _function: while (_again) { var object = _x2, property = _x3, receiver = _x4; desc = parent = getter = undefined; _again = false; if (object === null) object = Function.prototype; var desc = Object.getOwnPropertyDescriptor(object, property); if (desc === undefined) { var parent = Object.getPrototypeOf(object); if (parent === null) { return undefined; } else { _x2 = parent; _x3 = property; _x4 = receiver; _again = true; continue _function; } } else if ('value' in desc) { return desc.value; } else { var getter = desc.get; if (getter === undefined) { return undefined; } return getter.call(receiver); } } };","","// istanbul ignore next","","function _interopRequireDefault(obj) { return obj && obj.__esModule ? obj : { 'default': obj }; }","","// istanbul ignore next","","function _classCallCheck(instance, Constructor) { if (!(instance instanceof Constructor)) { throw new TypeError('Cannot call a class as a function'); } }","","// istanbul ignore next","","function _inherits(subClass, superClass) { if (typeof superClass !== 'function' && superClass !== null) { throw new TypeError('Super expression must either be null or a function, not ' + typeof superClass); } subClass.prototype = Object.create(superClass && superClass.prototype, { constructor: { value: subClass, enumerable: false, writable: true, configurable: true } }); if (superClass) Object.setPrototypeOf ? Object.setPrototypeOf(subClass, superClass) : subClass.__proto__ = superClass; }","","var _path = require('path');","","var _path2 = _interopRequireDefault(_path);","","var _child_process = require('child_process');","","var _semver = require('semver');","","var _semver2 = _interopRequireDefault(_semver);","","var _semverRegex = require('semver-regex');","","var _semverRegex2 = _interopRequireDefault(_semverRegex);","","var _dargs = require('dargs');","","var _dargs2 = _interopRequireDefault(_dargs);","","var _through2 = require('through2');","","var _through22 = _interopRequireDefault(_through2);","","var _concatStream = require('concat-stream');","","var _concatStream2 = _interopRequireDefault(_concatStream);","","var _which = require('which');","","var _which2 = _interopRequireDefault(_which);","","var _objectAssign = require('object-assign');","","var _objectAssign2 = _interopRequireDefault(_objectAssign);","","var _endsWith = require('ends-with');","","var _endsWith2 = _interopRequireDefault(_endsWith);","","var _memoizeDecorator = require('memoize-decorator');","","var _memoizeDecorator2 = _interopRequireDefault(_memoizeDecorator);","","var _es6Promise = require('es6-promise');","","var _es6Denodeify = require('es6-denodeify');","","var _es6Denodeify2 = _interopRequireDefault(_es6Denodeify);","","var promiseify = (0, _es6Denodeify2['default'])(_es6Promise.Promise);","var whichp = promiseify(_which2['default']);","","var BIN = 'sass-convert';","var MINVERS = '>=3.4.5';","","/**"," * Execute command in a child process."," *"," * @see {@link http://nodejs.org/api/child_process.html}"," * @param {String} command"," * @param {Array} args"," * @return {Promise}"," */","function execp(command) {","  for (var _len = arguments.length, args = Array(_len > 1 ? _len - 1 : 0), _key = 1; _key < _len; _key++) {","    args[_key - 1] = arguments[_key];","  }","","  var childProcess = undefined;","","  return new _es6Promise.Promise(function (resolve, reject) {","    args.push(function (err, stdout, stderr) {","      if (err) {","        (0, _objectAssign2['default'])(err, {","          message: err.message + ' `' + command + '` exited with error code ' + err.code,","          stdout: stdout,","          stderr: stderr","        });","","        reject(err);","      } else {","        resolve({ childProcess: childProcess, stdout: stdout, stderr: stderr });","      }","    });","","    childProcess = _child_process.exec.apply(undefined, [command].concat(args));","  });","}","","/**"," * Custom error for binary check."," *"," * @param {String} message"," */","","var BinaryError = (function (_Error) {","  _inherits(BinaryError, _Error);","","  function BinaryError(message) {","    _classCallCheck(this, BinaryError);","","    _get(Object.getPrototypeOf(BinaryError.prototype), 'constructor', this).call(this, message);","    // http://bit.ly/1yMzARU","    this.message = message || 'Could not find any executable for \"' + BIN + '\". Operation Aborted.';","  }","","  /**","   * Custom error for version check.","   *","   * @param {String} message","   */","","  _createClass(BinaryError, [{","    key: 'name',","    get: function get() {","      return 'BinaryError';","    }","  }]);","","  return BinaryError;","})(Error);","","var VersionError = (function (_Error2) {","  _inherits(VersionError, _Error2);","","  function VersionError(message) {","    _classCallCheck(this, VersionError);","","    _get(Object.getPrototypeOf(VersionError.prototype), 'constructor', this).call(this, message);","    // http://bit.ly/1yMzARU","    this.message = message || 'Invalid \"' + BIN + '\" version, must be ' + MINVERS;","  }","","  /**","   * Check whether passed binary (Gem) is in $PATH,","   * and check its version.","   *","   * @param {String} bin","   * @return {Promise}","   */","","  _createClass(VersionError, [{","    key: 'name',","    get: function get() {","      return 'VersionError';","    }","  }]);","","  return VersionError;","})(Error);","","function checkBinary(bin) {","","  /**","   * Check for binary min-version.","   *","   * @param {String} str","   * @return {Boolean}","   */","  function checkVersion(str) {","    var version = str.match((0, _semverRegex2['default'])())[0];","    return _semver2['default'].satisfies(version, MINVERS);","  }","","  /**","   * Check for global binary and version.","   *","   * @return {Promise}","   */","  function checkGlobal() {","    return whichp(bin).then(function () {","      return execp(bin + ' -v');","    }, function () {","      throw new BinaryError();","    }).then(function (res) {","      if (!checkVersion(res.stdout)) {","        throw new VersionError();","      }","    });","  }","","  /**","   * Check for bundled binary and version.","   *","   * @return {Promise}","   */","  function checkBundle() {","    return whichp('bundle').then(function () {","      return execp('bundle exec ' + bin + ' -v');","    }).then(function (res) {","      if (!checkVersion(res.stdout)) {","        throw new VersionError();","      }","      return { bundler: true };","    }, function (err) {","      throw new BinaryError();","    });","  }","","  return checkBundle()['catch'](checkGlobal);","}","","/**"," * Run binary checks only once."," *"," * @return {Promise}"," */","function checkBinaryCache() {","  if (!('promise' in checkBinaryCache)) {","    checkBinaryCache.promise = checkBinary(BIN);","  }","","  return checkBinaryCache.promise;","}","","var Converter = (function () {","  function Converter() {","    var options = arguments.length <= 0 || arguments[0] === undefined ? {} : arguments[0];","","    _classCallCheck(this, Converter);","","    this.options = options;","    this.bundler = false;","  }","","  /**","   * Format the `sass-convert` command string.","   *","   * @return {Object}","   */","","  _createDecoratedClass(Converter, [{","    key: 'isTransformable',","","    /**","     * Returns whether file is eligible for convertion.","     *","     * @param {Object} file - Vinyl file Object","     * @return {Boolean}","     */","    value: function isTransformable(file) {","      var ext = _path2['default'].extname(file.path);","      return (file.isBuffer() || file.isStream()) && (0, _endsWith2['default'])(ext, this.options.from);","    }","","    /**","     * Convert file Buffer through `sass-convert` binary.","     *","     * @param {Buffer} file - Vinyl file","     * @param {String} enc - encoding","     * @return {Promise}","     */","  }, {","    key: 'convertFile',","    value: function convertFile(file, enc) {","      var _command = this.command;","      var cmd = _command.cmd;","      var args = _command.args;","","      var child = (0, _child_process.spawn)(cmd, args);","      var result = {};","","      file.pipe(child.stdin);","","      child.stdout.pipe((0, _concatStream2['default'])(function (data) {","        result.stdout = data;","      }));","","      child.stderr.pipe((0, _concatStream2['default'])(function (data) {","        result.stderr = data;","      }));","","      return new _es6Promise.Promise(function (resolve, reject) {","        child.on('error', reject);","","        child.on('close', function (code, signal) {","          if (code !== 0) {","            var message = '`' + cmd + ' ' + args.join(' ') + '` failed with code ' + code;","            var stderr = Buffer.isBuffer(result.stderr) ? result.stderr.toString() : '';","","            reject({ code: code, message: message, stderr: stderr });","          } else {","            resolve(result);","          }","        });","      });","    }","","    /**","     * Change file extension to `options.from`.","     *","     * @param {Object} file - Vinyl file","     */","  }, {","    key: 'rename',","    value: function rename(file) {","      if (!this.options.rename) {","        return;","      }","","      var ext = _path2['default'].extname(file.path);","      file.path = file.path.replace(ext, '.' + this.options.to);","    }","","    /**","     * Returns a transform stream meant to be piped to a stream","     * of Sass, SCSS or CSS files. Apply convertion if matches.","     *","     * @return {Object} - Stream","     */","  }, {","    key: 'stream',","    value: function stream() {","      var self = this;","","      return _through22['default'].obj(function (file, enc, cb) {","        var stream = this;","","        if (!self.isTransformable(file)) {","          // Pass-through.","          return cb(null, file);","        }","","        // Matches `from`, let's convert it.","        checkBinaryCache().then(function (res) {","          self.bundler = res ? res.bundler : false;","","          return self.convertFile(file, enc);","        }).then(function (result) {","          file.contents = new Buffer(result.stdout);","          self.rename(file);","","          cb(null, file);","        }, function (err) {","          stream.emit('error', err);","","          if (self.options.force) {","            // Continue stream chain,","            // but don't pass unconverted chunks.","            return cb();","          }","","          // Stop stream chain.","          stream.destroy();","          stream.emit('end');","        });","      });","    }","  }, {","    key: 'command',","    decorators: [_memoizeDecorator2['default']],","    get: function get() {","      var cmd = (this.bundler ? 'bundle exec ' : '') + 'sass-convert';","","      // Add required args.","      var options = (0, _objectAssign2['default'])({}, this.options, {","        'stdin': true,","        'no-cache': true","      });","","      // Filter unwanted or erroneous args.","      var includes = ['from', 'to', 'dasherize', 'indent', 'old', 'default-encoding', 'unix-newlines', 'stdin', 'no-cache'];","","      var args = (0, _dargs2['default'])(options, { includes: includes });","","      return { cmd: cmd, args: args };","    }","  }]);","","  return Converter;","})();","","module.exports = function (options) {","  return new Converter(options).stream();","};","","// Expose custom error constructors.","module.exports.BinaryError = BinaryError;","module.exports.VersionError = VersionError;"],"l":{"5":5,"9":2,"13":1,"17":11,"21":1,"25":2,"27":1,"29":1,"31":1,"33":1,"35":1,"37":1,"39":1,"41":1,"43":1,"45":1,"47":1,"49":1,"51":1,"53":1,"55":1,"57":1,"59":1,"61":1,"63":1,"65":1,"67":1,"69":1,"71":1,"73":1,"75":1,"76":1,"78":1,"79":1,"89":1,"90":0,"91":0,"94":0,"96":0,"97":0,"98":0,"99":0,"105":0,"107":0,"111":0,"121":1,"122":1,"124":1,"125":0,"127":0,"129":0,"138":1,"141":0,"145":1,"148":1,"149":1,"151":1,"152":0,"154":0,"156":0,"167":1,"170":0,"174":1,"177":1,"185":1,"186":0,"187":0,"195":1,"196":0,"197":0,"199":0,"201":0,"202":0,"212":1,"213":0,"214":0,"216":0,"217":0,"219":0,"221":0,"225":0,"233":1,"234":0,"235":0,"238":0,"241":1,"242":1,"243":0,"245":0,"247":0,"248":0,"257":1,"267":0,"268":0,"281":0,"282":0,"283":0,"285":0,"286":0,"288":0,"290":0,"291":0,"294":0,"295":0,"298":0,"299":0,"301":0,"302":0,"303":0,"304":0,"306":0,"308":0,"322":0,"323":0,"326":0,"327":0,"339":0,"341":0,"342":0,"344":0,"346":0,"350":0,"351":0,"353":0,"355":0,"356":0,"358":0,"360":0,"362":0,"365":0,"369":0,"370":0,"378":0,"381":0,"387":0,"389":0,"391":0,"395":1,"398":1,"399":0,"403":1,"404":1}}}